;  LST file generated by mikroListExporter - v.2.0 
; Date/Time: 4/23/2023 11:55:05 AM
;----------------------------------------------

;Address Opcode 	ASM
0x0000	0x2803      	GOTO       3
_main:
;PICPixel.c,54 :: 		void main() {
;PICPixel.c,55 :: 		OSCCON = 0xF0; // 32MHz --> One cycle spends 125ns
0x0003	0x30F0      	MOVLW      240
0x0004	0x0021      	MOVLB      1
0x0005	0x0099      	MOVWF      OSCCON
;PICPixel.c,56 :: 		TRISA = 0;
0x0006	0x018C      	CLRF       TRISA
;PICPixel.c,57 :: 		ANSELA = 0;
0x0007	0x0023      	MOVLB      3
0x0008	0x018C      	CLRF       ANSELA
;PICPixel.c,58 :: 		while(1){
L_main2:
;PICPixel.c,61 :: 		for(i = 0; i <= 23; i++) set_colors(0,0,0);
0x0009	0x0020      	MOVLB      0
0x000A	0x01A0      	CLRF       main_i_L1
L_main4:
0x000B	0x0820      	MOVF       main_i_L1, 0
0x000C	0x3C17      	SUBLW      23
0x000D	0x1C03      	BTFSS      STATUS, 0
0x000E	0x2816      	GOTO       L_main5
0x000F	0x01A1      	CLRF       FARG_set_colors_red
0x0010	0x01A2      	CLRF       FARG_set_colors_green
0x0011	0x01A3      	CLRF       FARG_set_colors_blue
0x0012	0x26B1      	CALL       _set_colors
0x0013	0x0020      	MOVLB      0
0x0014	0x0AA0      	INCF       main_i_L1, 1
0x0015	0x280B      	GOTO       L_main4
L_main5:
;PICPixel.c,62 :: 		for(i = 0; i <= 5; i++) set_colors(244,139,60);
0x0016	0x01A0      	CLRF       main_i_L1
L_main7:
0x0017	0x0820      	MOVF       main_i_L1, 0
0x0018	0x3C05      	SUBLW      5
0x0019	0x1C03      	BTFSS      STATUS, 0
0x001A	0x2825      	GOTO       L_main8
0x001B	0x30F4      	MOVLW      244
0x001C	0x00A1      	MOVWF      FARG_set_colors_red
0x001D	0x308B      	MOVLW      139
0x001E	0x00A2      	MOVWF      FARG_set_colors_green
0x001F	0x303C      	MOVLW      60
0x0020	0x00A3      	MOVWF      FARG_set_colors_blue
0x0021	0x26B1      	CALL       _set_colors
0x0022	0x0020      	MOVLB      0
0x0023	0x0AA0      	INCF       main_i_L1, 1
0x0024	0x2817      	GOTO       L_main7
L_main8:
;PICPixel.c,63 :: 		for(i = 0; i <= 2; i++) set_colors(0,0,0);
0x0025	0x01A0      	CLRF       main_i_L1
L_main10:
0x0026	0x0820      	MOVF       main_i_L1, 0
0x0027	0x3C02      	SUBLW      2
0x0028	0x1C03      	BTFSS      STATUS, 0
0x0029	0x2831      	GOTO       L_main11
0x002A	0x01A1      	CLRF       FARG_set_colors_red
0x002B	0x01A2      	CLRF       FARG_set_colors_green
0x002C	0x01A3      	CLRF       FARG_set_colors_blue
0x002D	0x26B1      	CALL       _set_colors
0x002E	0x0020      	MOVLB      0
0x002F	0x0AA0      	INCF       main_i_L1, 1
0x0030	0x2826      	GOTO       L_main10
L_main11:
;PICPixel.c,64 :: 		for(i = 0; i <= 7; i++) set_colors(244,139,60);
0x0031	0x01A0      	CLRF       main_i_L1
L_main13:
0x0032	0x0820      	MOVF       main_i_L1, 0
0x0033	0x3C07      	SUBLW      7
0x0034	0x1C03      	BTFSS      STATUS, 0
0x0035	0x2840      	GOTO       L_main14
0x0036	0x30F4      	MOVLW      244
0x0037	0x00A1      	MOVWF      FARG_set_colors_red
0x0038	0x308B      	MOVLW      139
0x0039	0x00A2      	MOVWF      FARG_set_colors_green
0x003A	0x303C      	MOVLW      60
0x003B	0x00A3      	MOVWF      FARG_set_colors_blue
0x003C	0x26B1      	CALL       _set_colors
0x003D	0x0020      	MOVLB      0
0x003E	0x0AA0      	INCF       main_i_L1, 1
0x003F	0x2832      	GOTO       L_main13
L_main14:
;PICPixel.c,65 :: 		for(i = 0; i <= 12; i++) set_colors(0,0,0);
0x0040	0x01A0      	CLRF       main_i_L1
L_main16:
0x0041	0x0820      	MOVF       main_i_L1, 0
0x0042	0x3C0C      	SUBLW      12
0x0043	0x1C03      	BTFSS      STATUS, 0
0x0044	0x284C      	GOTO       L_main17
0x0045	0x01A1      	CLRF       FARG_set_colors_red
0x0046	0x01A2      	CLRF       FARG_set_colors_green
0x0047	0x01A3      	CLRF       FARG_set_colors_blue
0x0048	0x26B1      	CALL       _set_colors
0x0049	0x0020      	MOVLB      0
0x004A	0x0AA0      	INCF       main_i_L1, 1
0x004B	0x2841      	GOTO       L_main16
L_main17:
;PICPixel.c,66 :: 		for(i = 0; i <= 19; i++) set_colors(244,139,60);
0x004C	0x01A0      	CLRF       main_i_L1
L_main19:
0x004D	0x0820      	MOVF       main_i_L1, 0
0x004E	0x3C13      	SUBLW      19
0x004F	0x1C03      	BTFSS      STATUS, 0
0x0050	0x285B      	GOTO       L_main20
0x0051	0x30F4      	MOVLW      244
0x0052	0x00A1      	MOVWF      FARG_set_colors_red
0x0053	0x308B      	MOVLW      139
0x0054	0x00A2      	MOVWF      FARG_set_colors_green
0x0055	0x303C      	MOVLW      60
0x0056	0x00A3      	MOVWF      FARG_set_colors_blue
0x0057	0x26B1      	CALL       _set_colors
0x0058	0x0020      	MOVLB      0
0x0059	0x0AA0      	INCF       main_i_L1, 1
0x005A	0x284D      	GOTO       L_main19
L_main20:
;PICPixel.c,67 :: 		for(i = 0; i <= 1; i++) set_colors(0,0,0);
0x005B	0x01A0      	CLRF       main_i_L1
L_main22:
0x005C	0x0820      	MOVF       main_i_L1, 0
0x005D	0x3C01      	SUBLW      1
0x005E	0x1C03      	BTFSS      STATUS, 0
0x005F	0x2867      	GOTO       L_main23
0x0060	0x01A1      	CLRF       FARG_set_colors_red
0x0061	0x01A2      	CLRF       FARG_set_colors_green
0x0062	0x01A3      	CLRF       FARG_set_colors_blue
0x0063	0x26B1      	CALL       _set_colors
0x0064	0x0020      	MOVLB      0
0x0065	0x0AA0      	INCF       main_i_L1, 1
0x0066	0x285C      	GOTO       L_main22
L_main23:
;PICPixel.c,68 :: 		set_colors(230,57,41);
0x0067	0x30E6      	MOVLW      230
0x0068	0x00A1      	MOVWF      FARG_set_colors_red
0x0069	0x3039      	MOVLW      57
0x006A	0x00A2      	MOVWF      FARG_set_colors_green
0x006B	0x3029      	MOVLW      41
0x006C	0x00A3      	MOVWF      FARG_set_colors_blue
0x006D	0x26B1      	CALL       _set_colors
;PICPixel.c,69 :: 		for(i = 0; i <= 4; i++) set_colors(0,0,0);
0x006E	0x0020      	MOVLB      0
0x006F	0x01A0      	CLRF       main_i_L1
L_main25:
0x0070	0x0820      	MOVF       main_i_L1, 0
0x0071	0x3C04      	SUBLW      4
0x0072	0x1C03      	BTFSS      STATUS, 0
0x0073	0x287B      	GOTO       L_main26
0x0074	0x01A1      	CLRF       FARG_set_colors_red
0x0075	0x01A2      	CLRF       FARG_set_colors_green
0x0076	0x01A3      	CLRF       FARG_set_colors_blue
0x0077	0x26B1      	CALL       _set_colors
0x0078	0x0020      	MOVLB      0
0x0079	0x0AA0      	INCF       main_i_L1, 1
0x007A	0x2870      	GOTO       L_main25
L_main26:
;PICPixel.c,70 :: 		for(i = 0; i <= 1; i++)set_colors(230,57,41);
0x007B	0x01A0      	CLRF       main_i_L1
L_main28:
0x007C	0x0820      	MOVF       main_i_L1, 0
0x007D	0x3C01      	SUBLW      1
0x007E	0x1C03      	BTFSS      STATUS, 0
0x007F	0x288A      	GOTO       L_main29
0x0080	0x30E6      	MOVLW      230
0x0081	0x00A1      	MOVWF      FARG_set_colors_red
0x0082	0x3039      	MOVLW      57
0x0083	0x00A2      	MOVWF      FARG_set_colors_green
0x0084	0x3029      	MOVLW      41
0x0085	0x00A3      	MOVWF      FARG_set_colors_blue
0x0086	0x26B1      	CALL       _set_colors
0x0087	0x0020      	MOVLB      0
0x0088	0x0AA0      	INCF       main_i_L1, 1
0x0089	0x287C      	GOTO       L_main28
L_main29:
;PICPixel.c,71 :: 		for(i = 0; i <= 1; i++)set_colors(0,0,0);
0x008A	0x01A0      	CLRF       main_i_L1
L_main31:
0x008B	0x0820      	MOVF       main_i_L1, 0
0x008C	0x3C01      	SUBLW      1
0x008D	0x1C03      	BTFSS      STATUS, 0
0x008E	0x2896      	GOTO       L_main32
0x008F	0x01A1      	CLRF       FARG_set_colors_red
0x0090	0x01A2      	CLRF       FARG_set_colors_green
0x0091	0x01A3      	CLRF       FARG_set_colors_blue
0x0092	0x26B1      	CALL       _set_colors
0x0093	0x0020      	MOVLB      0
0x0094	0x0AA0      	INCF       main_i_L1, 1
0x0095	0x288B      	GOTO       L_main31
L_main32:
;PICPixel.c,72 :: 		set_colors(244,139,60);
0x0096	0x30F4      	MOVLW      244
0x0097	0x00A1      	MOVWF      FARG_set_colors_red
0x0098	0x308B      	MOVLW      139
0x0099	0x00A2      	MOVWF      FARG_set_colors_green
0x009A	0x303C      	MOVLW      60
0x009B	0x00A3      	MOVWF      FARG_set_colors_blue
0x009C	0x26B1      	CALL       _set_colors
;PICPixel.c,73 :: 		set_colors(76,56,42);
0x009D	0x304C      	MOVLW      76
0x009E	0x0020      	MOVLB      0
0x009F	0x00A1      	MOVWF      FARG_set_colors_red
0x00A0	0x3038      	MOVLW      56
0x00A1	0x00A2      	MOVWF      FARG_set_colors_green
0x00A2	0x302A      	MOVLW      42
0x00A3	0x00A3      	MOVWF      FARG_set_colors_blue
0x00A4	0x26B1      	CALL       _set_colors
;PICPixel.c,74 :: 		set_colors(255,255,255);  // Eyes
0x00A5	0x30FF      	MOVLW      255
0x00A6	0x0020      	MOVLB      0
0x00A7	0x00A1      	MOVWF      FARG_set_colors_red
0x00A8	0x30FF      	MOVLW      255
0x00A9	0x00A2      	MOVWF      FARG_set_colors_green
0x00AA	0x30FF      	MOVLW      255
0x00AB	0x00A3      	MOVWF      FARG_set_colors_blue
0x00AC	0x26B1      	CALL       _set_colors
;PICPixel.c,75 :: 		for(i = 0; i <= 3; i++) set_colors(244,139,60);
0x00AD	0x0020      	MOVLB      0
0x00AE	0x01A0      	CLRF       main_i_L1
L_main34:
0x00AF	0x0820      	MOVF       main_i_L1, 0
0x00B0	0x3C03      	SUBLW      3
0x00B1	0x1C03      	BTFSS      STATUS, 0
0x00B2	0x28BD      	GOTO       L_main35
0x00B3	0x30F4      	MOVLW      244
0x00B4	0x00A1      	MOVWF      FARG_set_colors_red
0x00B5	0x308B      	MOVLW      139
0x00B6	0x00A2      	MOVWF      FARG_set_colors_green
0x00B7	0x303C      	MOVLW      60
0x00B8	0x00A3      	MOVWF      FARG_set_colors_blue
0x00B9	0x26B1      	CALL       _set_colors
0x00BA	0x0020      	MOVLB      0
0x00BB	0x0AA0      	INCF       main_i_L1, 1
0x00BC	0x28AF      	GOTO       L_main34
L_main35:
;PICPixel.c,76 :: 		set_colors(76,56,42);
0x00BD	0x304C      	MOVLW      76
0x00BE	0x00A1      	MOVWF      FARG_set_colors_red
0x00BF	0x3038      	MOVLW      56
0x00C0	0x00A2      	MOVWF      FARG_set_colors_green
0x00C1	0x302A      	MOVLW      42
0x00C2	0x00A3      	MOVWF      FARG_set_colors_blue
0x00C3	0x26B1      	CALL       _set_colors
;PICPixel.c,77 :: 		set_colors(255,255,255);  // Eyes
0x00C4	0x30FF      	MOVLW      255
0x00C5	0x0020      	MOVLB      0
0x00C6	0x00A1      	MOVWF      FARG_set_colors_red
0x00C7	0x30FF      	MOVLW      255
0x00C8	0x00A2      	MOVWF      FARG_set_colors_green
0x00C9	0x30FF      	MOVLW      255
0x00CA	0x00A3      	MOVWF      FARG_set_colors_blue
0x00CB	0x26B1      	CALL       _set_colors
;PICPixel.c,78 :: 		for(i = 0; i <= 1; i++)set_colors(244,139,60);
0x00CC	0x0020      	MOVLB      0
0x00CD	0x01A0      	CLRF       main_i_L1
L_main37:
0x00CE	0x0820      	MOVF       main_i_L1, 0
0x00CF	0x3C01      	SUBLW      1
0x00D0	0x1C03      	BTFSS      STATUS, 0
0x00D1	0x28DC      	GOTO       L_main38
0x00D2	0x30F4      	MOVLW      244
0x00D3	0x00A1      	MOVWF      FARG_set_colors_red
0x00D4	0x308B      	MOVLW      139
0x00D5	0x00A2      	MOVWF      FARG_set_colors_green
0x00D6	0x303C      	MOVLW      60
0x00D7	0x00A3      	MOVWF      FARG_set_colors_blue
0x00D8	0x26B1      	CALL       _set_colors
0x00D9	0x0020      	MOVLB      0
0x00DA	0x0AA0      	INCF       main_i_L1, 1
0x00DB	0x28CE      	GOTO       L_main37
L_main38:
;PICPixel.c,79 :: 		for(i = 0; i <= 1; i++)set_colors(76,56,42);
0x00DC	0x01A0      	CLRF       main_i_L1
L_main40:
0x00DD	0x0820      	MOVF       main_i_L1, 0
0x00DE	0x3C01      	SUBLW      1
0x00DF	0x1C03      	BTFSS      STATUS, 0
0x00E0	0x28EB      	GOTO       L_main41
0x00E1	0x304C      	MOVLW      76
0x00E2	0x00A1      	MOVWF      FARG_set_colors_red
0x00E3	0x3038      	MOVLW      56
0x00E4	0x00A2      	MOVWF      FARG_set_colors_green
0x00E5	0x302A      	MOVLW      42
0x00E6	0x00A3      	MOVWF      FARG_set_colors_blue
0x00E7	0x26B1      	CALL       _set_colors
0x00E8	0x0020      	MOVLB      0
0x00E9	0x0AA0      	INCF       main_i_L1, 1
0x00EA	0x28DD      	GOTO       L_main40
L_main41:
;PICPixel.c,80 :: 		for(i = 0; i <= 3; i++) set_colors(244,139,60);
0x00EB	0x01A0      	CLRF       main_i_L1
L_main43:
0x00EC	0x0820      	MOVF       main_i_L1, 0
0x00ED	0x3C03      	SUBLW      3
0x00EE	0x1C03      	BTFSS      STATUS, 0
0x00EF	0x28FA      	GOTO       L_main44
0x00F0	0x30F4      	MOVLW      244
0x00F1	0x00A1      	MOVWF      FARG_set_colors_red
0x00F2	0x308B      	MOVLW      139
0x00F3	0x00A2      	MOVWF      FARG_set_colors_green
0x00F4	0x303C      	MOVLW      60
0x00F5	0x00A3      	MOVWF      FARG_set_colors_blue
0x00F6	0x26B1      	CALL       _set_colors
0x00F7	0x0020      	MOVLB      0
0x00F8	0x0AA0      	INCF       main_i_L1, 1
0x00F9	0x28EC      	GOTO       L_main43
L_main44:
;PICPixel.c,81 :: 		for(i = 0; i <= 1; i++) set_colors(76,56,42);
0x00FA	0x01A0      	CLRF       main_i_L1
L_main46:
0x00FB	0x0820      	MOVF       main_i_L1, 0
0x00FC	0x3C01      	SUBLW      1
0x00FD	0x1C03      	BTFSS      STATUS, 0
0x00FE	0x2909      	GOTO       L_main47
0x00FF	0x304C      	MOVLW      76
0x0100	0x00A1      	MOVWF      FARG_set_colors_red
0x0101	0x3038      	MOVLW      56
0x0102	0x00A2      	MOVWF      FARG_set_colors_green
0x0103	0x302A      	MOVLW      42
0x0104	0x00A3      	MOVWF      FARG_set_colors_blue
0x0105	0x26B1      	CALL       _set_colors
0x0106	0x0020      	MOVLB      0
0x0107	0x0AA0      	INCF       main_i_L1, 1
0x0108	0x28FB      	GOTO       L_main46
L_main47:
;PICPixel.c,82 :: 		set_colors(244,139,60);
0x0109	0x30F4      	MOVLW      244
0x010A	0x00A1      	MOVWF      FARG_set_colors_red
0x010B	0x308B      	MOVLW      139
0x010C	0x00A2      	MOVWF      FARG_set_colors_green
0x010D	0x303C      	MOVLW      60
0x010E	0x00A3      	MOVWF      FARG_set_colors_blue
0x010F	0x26B1      	CALL       _set_colors
;PICPixel.c,83 :: 		for(i = 0; i <= 1; i++) set_colors(0,0,0);
0x0110	0x0020      	MOVLB      0
0x0111	0x01A0      	CLRF       main_i_L1
L_main49:
0x0112	0x0820      	MOVF       main_i_L1, 0
0x0113	0x3C01      	SUBLW      1
0x0114	0x1C03      	BTFSS      STATUS, 0
0x0115	0x291D      	GOTO       L_main50
0x0116	0x01A1      	CLRF       FARG_set_colors_red
0x0117	0x01A2      	CLRF       FARG_set_colors_green
0x0118	0x01A3      	CLRF       FARG_set_colors_blue
0x0119	0x26B1      	CALL       _set_colors
0x011A	0x0020      	MOVLB      0
0x011B	0x0AA0      	INCF       main_i_L1, 1
0x011C	0x2912      	GOTO       L_main49
L_main50:
;PICPixel.c,84 :: 		for(i = 0; i <= 2; i++) set_colors(230,57,41);
0x011D	0x01A0      	CLRF       main_i_L1
L_main52:
0x011E	0x0820      	MOVF       main_i_L1, 0
0x011F	0x3C02      	SUBLW      2
0x0120	0x1C03      	BTFSS      STATUS, 0
0x0121	0x292C      	GOTO       L_main53
0x0122	0x30E6      	MOVLW      230
0x0123	0x00A1      	MOVWF      FARG_set_colors_red
0x0124	0x3039      	MOVLW      57
0x0125	0x00A2      	MOVWF      FARG_set_colors_green
0x0126	0x3029      	MOVLW      41
0x0127	0x00A3      	MOVWF      FARG_set_colors_blue
0x0128	0x26B1      	CALL       _set_colors
0x0129	0x0020      	MOVLB      0
0x012A	0x0AA0      	INCF       main_i_L1, 1
0x012B	0x291E      	GOTO       L_main52
L_main53:
;PICPixel.c,85 :: 		for(i = 0; i <= 1; i++) set_colors(0,0,0);
0x012C	0x01A0      	CLRF       main_i_L1
L_main55:
0x012D	0x0820      	MOVF       main_i_L1, 0
0x012E	0x3C01      	SUBLW      1
0x012F	0x1C03      	BTFSS      STATUS, 0
0x0130	0x2938      	GOTO       L_main56
0x0131	0x01A1      	CLRF       FARG_set_colors_red
0x0132	0x01A2      	CLRF       FARG_set_colors_green
0x0133	0x01A3      	CLRF       FARG_set_colors_blue
0x0134	0x26B1      	CALL       _set_colors
0x0135	0x0020      	MOVLB      0
0x0136	0x0AA0      	INCF       main_i_L1, 1
0x0137	0x292D      	GOTO       L_main55
L_main56:
;PICPixel.c,86 :: 		set_colors(230,57,41);
0x0138	0x30E6      	MOVLW      230
0x0139	0x00A1      	MOVWF      FARG_set_colors_red
0x013A	0x3039      	MOVLW      57
0x013B	0x00A2      	MOVWF      FARG_set_colors_green
0x013C	0x3029      	MOVLW      41
0x013D	0x00A3      	MOVWF      FARG_set_colors_blue
0x013E	0x26B1      	CALL       _set_colors
;PICPixel.c,87 :: 		set_colors(255,216,104);
0x013F	0x30FF      	MOVLW      255
0x0140	0x0020      	MOVLB      0
0x0141	0x00A1      	MOVWF      FARG_set_colors_red
0x0142	0x30D8      	MOVLW      216
0x0143	0x00A2      	MOVWF      FARG_set_colors_green
0x0144	0x3068      	MOVLW      104
0x0145	0x00A3      	MOVWF      FARG_set_colors_blue
0x0146	0x26B1      	CALL       _set_colors
;PICPixel.c,88 :: 		set_colors(230,57,41);
0x0147	0x30E6      	MOVLW      230
0x0148	0x0020      	MOVLB      0
0x0149	0x00A1      	MOVWF      FARG_set_colors_red
0x014A	0x3039      	MOVLW      57
0x014B	0x00A2      	MOVWF      FARG_set_colors_green
0x014C	0x3029      	MOVLW      41
0x014D	0x00A3      	MOVWF      FARG_set_colors_blue
0x014E	0x26B1      	CALL       _set_colors
;PICPixel.c,89 :: 		for(i = 0; i <= 1; i++) set_colors(0,0,0);
0x014F	0x0020      	MOVLB      0
0x0150	0x01A0      	CLRF       main_i_L1
L_main58:
0x0151	0x0820      	MOVF       main_i_L1, 0
0x0152	0x3C01      	SUBLW      1
0x0153	0x1C03      	BTFSS      STATUS, 0
0x0154	0x295C      	GOTO       L_main59
0x0155	0x01A1      	CLRF       FARG_set_colors_red
0x0156	0x01A2      	CLRF       FARG_set_colors_green
0x0157	0x01A3      	CLRF       FARG_set_colors_blue
0x0158	0x26B1      	CALL       _set_colors
0x0159	0x0020      	MOVLB      0
0x015A	0x0AA0      	INCF       main_i_L1, 1
0x015B	0x2951      	GOTO       L_main58
L_main59:
;PICPixel.c,90 :: 		set_colors(244,139,60);
0x015C	0x30F4      	MOVLW      244
0x015D	0x00A1      	MOVWF      FARG_set_colors_red
0x015E	0x308B      	MOVLW      139
0x015F	0x00A2      	MOVWF      FARG_set_colors_green
0x0160	0x303C      	MOVLW      60
0x0161	0x00A3      	MOVWF      FARG_set_colors_blue
0x0162	0x26B1      	CALL       _set_colors
;PICPixel.c,91 :: 		set_colors(46,155,186);
0x0163	0x302E      	MOVLW      46
0x0164	0x0020      	MOVLB      0
0x0165	0x00A1      	MOVWF      FARG_set_colors_red
0x0166	0x309B      	MOVLW      155
0x0167	0x00A2      	MOVWF      FARG_set_colors_green
0x0168	0x30BA      	MOVLW      186
0x0169	0x00A3      	MOVWF      FARG_set_colors_blue
0x016A	0x26B1      	CALL       _set_colors
;PICPixel.c,92 :: 		set_colors(76,56,42);
0x016B	0x304C      	MOVLW      76
0x016C	0x0020      	MOVLB      0
0x016D	0x00A1      	MOVWF      FARG_set_colors_red
0x016E	0x3038      	MOVLW      56
0x016F	0x00A2      	MOVWF      FARG_set_colors_green
0x0170	0x302A      	MOVLW      42
0x0171	0x00A3      	MOVWF      FARG_set_colors_blue
0x0172	0x26B1      	CALL       _set_colors
;PICPixel.c,93 :: 		for(i = 0; i <= 3; i++) set_colors(244,139,60);
0x0173	0x0020      	MOVLB      0
0x0174	0x01A0      	CLRF       main_i_L1
L_main61:
0x0175	0x0820      	MOVF       main_i_L1, 0
0x0176	0x3C03      	SUBLW      3
0x0177	0x1C03      	BTFSS      STATUS, 0
0x0178	0x2983      	GOTO       L_main62
0x0179	0x30F4      	MOVLW      244
0x017A	0x00A1      	MOVWF      FARG_set_colors_red
0x017B	0x308B      	MOVLW      139
0x017C	0x00A2      	MOVWF      FARG_set_colors_green
0x017D	0x303C      	MOVLW      60
0x017E	0x00A3      	MOVWF      FARG_set_colors_blue
0x017F	0x26B1      	CALL       _set_colors
0x0180	0x0020      	MOVLB      0
0x0181	0x0AA0      	INCF       main_i_L1, 1
0x0182	0x2975      	GOTO       L_main61
L_main62:
;PICPixel.c,94 :: 		set_colors(76,56,42);
0x0183	0x304C      	MOVLW      76
0x0184	0x00A1      	MOVWF      FARG_set_colors_red
0x0185	0x3038      	MOVLW      56
0x0186	0x00A2      	MOVWF      FARG_set_colors_green
0x0187	0x302A      	MOVLW      42
0x0188	0x00A3      	MOVWF      FARG_set_colors_blue
0x0189	0x26B1      	CALL       _set_colors
;PICPixel.c,95 :: 		set_colors(46,155,186);
0x018A	0x302E      	MOVLW      46
0x018B	0x0020      	MOVLB      0
0x018C	0x00A1      	MOVWF      FARG_set_colors_red
0x018D	0x309B      	MOVLW      155
0x018E	0x00A2      	MOVWF      FARG_set_colors_green
0x018F	0x30BA      	MOVLW      186
0x0190	0x00A3      	MOVWF      FARG_set_colors_blue
0x0191	0x26B1      	CALL       _set_colors
;PICPixel.c,96 :: 		for(i = 0; i <= 2; i++) set_colors(244,139,60);
0x0192	0x0020      	MOVLB      0
0x0193	0x01A0      	CLRF       main_i_L1
L_main64:
0x0194	0x0820      	MOVF       main_i_L1, 0
0x0195	0x3C02      	SUBLW      2
0x0196	0x1C03      	BTFSS      STATUS, 0
0x0197	0x29A2      	GOTO       L_main65
0x0198	0x30F4      	MOVLW      244
0x0199	0x00A1      	MOVWF      FARG_set_colors_red
0x019A	0x308B      	MOVLW      139
0x019B	0x00A2      	MOVWF      FARG_set_colors_green
0x019C	0x303C      	MOVLW      60
0x019D	0x00A3      	MOVWF      FARG_set_colors_blue
0x019E	0x26B1      	CALL       _set_colors
0x019F	0x0020      	MOVLB      0
0x01A0	0x0AA0      	INCF       main_i_L1, 1
0x01A1	0x2994      	GOTO       L_main64
L_main65:
;PICPixel.c,97 :: 		set_colors(46,155,186);
0x01A2	0x302E      	MOVLW      46
0x01A3	0x00A1      	MOVWF      FARG_set_colors_red
0x01A4	0x309B      	MOVLW      155
0x01A5	0x00A2      	MOVWF      FARG_set_colors_green
0x01A6	0x30BA      	MOVLW      186
0x01A7	0x00A3      	MOVWF      FARG_set_colors_blue
0x01A8	0x26B1      	CALL       _set_colors
;PICPixel.c,98 :: 		for(i = 0; i <= 3; i++) set_colors(244,139,60);
0x01A9	0x0020      	MOVLB      0
0x01AA	0x01A0      	CLRF       main_i_L1
L_main67:
0x01AB	0x0820      	MOVF       main_i_L1, 0
0x01AC	0x3C03      	SUBLW      3
0x01AD	0x1C03      	BTFSS      STATUS, 0
0x01AE	0x29B9      	GOTO       L_main68
0x01AF	0x30F4      	MOVLW      244
0x01B0	0x00A1      	MOVWF      FARG_set_colors_red
0x01B1	0x308B      	MOVLW      139
0x01B2	0x00A2      	MOVWF      FARG_set_colors_green
0x01B3	0x303C      	MOVLW      60
0x01B4	0x00A3      	MOVWF      FARG_set_colors_blue
0x01B5	0x26B1      	CALL       _set_colors
0x01B6	0x0020      	MOVLB      0
0x01B7	0x0AA0      	INCF       main_i_L1, 1
0x01B8	0x29AB      	GOTO       L_main67
L_main68:
;PICPixel.c,99 :: 		set_colors(46,155,186);
0x01B9	0x302E      	MOVLW      46
0x01BA	0x00A1      	MOVWF      FARG_set_colors_red
0x01BB	0x309B      	MOVLW      155
0x01BC	0x00A2      	MOVWF      FARG_set_colors_green
0x01BD	0x30BA      	MOVLW      186
0x01BE	0x00A3      	MOVWF      FARG_set_colors_blue
0x01BF	0x26B1      	CALL       _set_colors
;PICPixel.c,100 :: 		for(i = 0; i <= 1; i++) set_colors(244,139,60);
0x01C0	0x0020      	MOVLB      0
0x01C1	0x01A0      	CLRF       main_i_L1
L_main70:
0x01C2	0x0820      	MOVF       main_i_L1, 0
0x01C3	0x3C01      	SUBLW      1
0x01C4	0x1C03      	BTFSS      STATUS, 0
0x01C5	0x29D0      	GOTO       L_main71
0x01C6	0x30F4      	MOVLW      244
0x01C7	0x00A1      	MOVWF      FARG_set_colors_red
0x01C8	0x308B      	MOVLW      139
0x01C9	0x00A2      	MOVWF      FARG_set_colors_green
0x01CA	0x303C      	MOVLW      60
0x01CB	0x00A3      	MOVWF      FARG_set_colors_blue
0x01CC	0x26B1      	CALL       _set_colors
0x01CD	0x0020      	MOVLB      0
0x01CE	0x0AA0      	INCF       main_i_L1, 1
0x01CF	0x29C2      	GOTO       L_main70
L_main71:
;PICPixel.c,101 :: 		for(i = 0; i <= 1; i++) set_colors(0,0,0);
0x01D0	0x01A0      	CLRF       main_i_L1
L_main73:
0x01D1	0x0820      	MOVF       main_i_L1, 0
0x01D2	0x3C01      	SUBLW      1
0x01D3	0x1C03      	BTFSS      STATUS, 0
0x01D4	0x29DC      	GOTO       L_main74
0x01D5	0x01A1      	CLRF       FARG_set_colors_red
0x01D6	0x01A2      	CLRF       FARG_set_colors_green
0x01D7	0x01A3      	CLRF       FARG_set_colors_blue
0x01D8	0x26B1      	CALL       _set_colors
0x01D9	0x0020      	MOVLB      0
0x01DA	0x0AA0      	INCF       main_i_L1, 1
0x01DB	0x29D1      	GOTO       L_main73
L_main74:
;PICPixel.c,102 :: 		set_colors(230,57,41);
0x01DC	0x30E6      	MOVLW      230
0x01DD	0x00A1      	MOVWF      FARG_set_colors_red
0x01DE	0x3039      	MOVLW      57
0x01DF	0x00A2      	MOVWF      FARG_set_colors_green
0x01E0	0x3029      	MOVLW      41
0x01E1	0x00A3      	MOVWF      FARG_set_colors_blue
0x01E2	0x26B1      	CALL       _set_colors
;PICPixel.c,103 :: 		set_colors(255,216,104);
0x01E3	0x30FF      	MOVLW      255
0x01E4	0x0020      	MOVLB      0
0x01E5	0x00A1      	MOVWF      FARG_set_colors_red
0x01E6	0x30D8      	MOVLW      216
0x01E7	0x00A2      	MOVWF      FARG_set_colors_green
0x01E8	0x3068      	MOVLW      104
0x01E9	0x00A3      	MOVWF      FARG_set_colors_blue
0x01EA	0x26B1      	CALL       _set_colors
;PICPixel.c,104 :: 		set_colors(230,57,41);
0x01EB	0x30E6      	MOVLW      230
0x01EC	0x0020      	MOVLB      0
0x01ED	0x00A1      	MOVWF      FARG_set_colors_red
0x01EE	0x3039      	MOVLW      57
0x01EF	0x00A2      	MOVWF      FARG_set_colors_green
0x01F0	0x3029      	MOVLW      41
0x01F1	0x00A3      	MOVWF      FARG_set_colors_blue
0x01F2	0x26B1      	CALL       _set_colors
;PICPixel.c,105 :: 		for(i = 0; i <= 2; i++) set_colors(0,0,0);
0x01F3	0x0020      	MOVLB      0
0x01F4	0x01A0      	CLRF       main_i_L1
L_main76:
0x01F5	0x0820      	MOVF       main_i_L1, 0
0x01F6	0x3C02      	SUBLW      2
0x01F7	0x1C03      	BTFSS      STATUS, 0
0x01F8	0x2A00      	GOTO       L_main77
0x01F9	0x01A1      	CLRF       FARG_set_colors_red
0x01FA	0x01A2      	CLRF       FARG_set_colors_green
0x01FB	0x01A3      	CLRF       FARG_set_colors_blue
0x01FC	0x26B1      	CALL       _set_colors
0x01FD	0x0020      	MOVLB      0
0x01FE	0x0AA0      	INCF       main_i_L1, 1
0x01FF	0x29F5      	GOTO       L_main76
L_main77:
;PICPixel.c,106 :: 		set_colors(230,57,41);
0x0200	0x30E6      	MOVLW      230
0x0201	0x00A1      	MOVWF      FARG_set_colors_red
0x0202	0x3039      	MOVLW      57
0x0203	0x00A2      	MOVWF      FARG_set_colors_green
0x0204	0x3029      	MOVLW      41
0x0205	0x00A3      	MOVWF      FARG_set_colors_blue
0x0206	0x26B1      	CALL       _set_colors
;PICPixel.c,107 :: 		for(i = 0; i <= 3; i++) set_colors(0,0,0);
0x0207	0x0020      	MOVLB      0
0x0208	0x01A0      	CLRF       main_i_L1
L_main79:
0x0209	0x0820      	MOVF       main_i_L1, 0
0x020A	0x3C03      	SUBLW      3
0x020B	0x1C03      	BTFSS      STATUS, 0
0x020C	0x2A14      	GOTO       L_main80
0x020D	0x01A1      	CLRF       FARG_set_colors_red
0x020E	0x01A2      	CLRF       FARG_set_colors_green
0x020F	0x01A3      	CLRF       FARG_set_colors_blue
0x0210	0x26B1      	CALL       _set_colors
0x0211	0x0020      	MOVLB      0
0x0212	0x0AA0      	INCF       main_i_L1, 1
0x0213	0x2A09      	GOTO       L_main79
L_main80:
;PICPixel.c,108 :: 		for(i = 0; i <= 7; i++) set_colors(244,139,60);
0x0214	0x01A0      	CLRF       main_i_L1
L_main82:
0x0215	0x0820      	MOVF       main_i_L1, 0
0x0216	0x3C07      	SUBLW      7
0x0217	0x1C03      	BTFSS      STATUS, 0
0x0218	0x2A23      	GOTO       L_main83
0x0219	0x30F4      	MOVLW      244
0x021A	0x00A1      	MOVWF      FARG_set_colors_red
0x021B	0x308B      	MOVLW      139
0x021C	0x00A2      	MOVWF      FARG_set_colors_green
0x021D	0x303C      	MOVLW      60
0x021E	0x00A3      	MOVWF      FARG_set_colors_blue
0x021F	0x26B1      	CALL       _set_colors
0x0220	0x0020      	MOVLB      0
0x0221	0x0AA0      	INCF       main_i_L1, 1
0x0222	0x2A15      	GOTO       L_main82
L_main83:
;PICPixel.c,109 :: 		set_colors(0,0,0);
0x0223	0x01A1      	CLRF       FARG_set_colors_red
0x0224	0x01A2      	CLRF       FARG_set_colors_green
0x0225	0x01A3      	CLRF       FARG_set_colors_blue
0x0226	0x26B1      	CALL       _set_colors
;PICPixel.c,110 :: 		set_colors(244,139,60);
0x0227	0x30F4      	MOVLW      244
0x0228	0x0020      	MOVLB      0
0x0229	0x00A1      	MOVWF      FARG_set_colors_red
0x022A	0x308B      	MOVLW      139
0x022B	0x00A2      	MOVWF      FARG_set_colors_green
0x022C	0x303C      	MOVLW      60
0x022D	0x00A3      	MOVWF      FARG_set_colors_blue
0x022E	0x26B1      	CALL       _set_colors
;PICPixel.c,111 :: 		set_colors(204,92,36);
0x022F	0x30CC      	MOVLW      204
0x0230	0x0020      	MOVLB      0
0x0231	0x00A1      	MOVWF      FARG_set_colors_red
0x0232	0x305C      	MOVLW      92
0x0233	0x00A2      	MOVWF      FARG_set_colors_green
0x0234	0x3024      	MOVLW      36
0x0235	0x00A3      	MOVWF      FARG_set_colors_blue
0x0236	0x26B1      	CALL       _set_colors
;PICPixel.c,112 :: 		for(i = 0; i <= 5; i++) set_colors(244,139,60);
0x0237	0x0020      	MOVLB      0
0x0238	0x01A0      	CLRF       main_i_L1
L_main85:
0x0239	0x0820      	MOVF       main_i_L1, 0
0x023A	0x3C05      	SUBLW      5
0x023B	0x1C03      	BTFSS      STATUS, 0
0x023C	0x2A47      	GOTO       L_main86
0x023D	0x30F4      	MOVLW      244
0x023E	0x00A1      	MOVWF      FARG_set_colors_red
0x023F	0x308B      	MOVLW      139
0x0240	0x00A2      	MOVWF      FARG_set_colors_green
0x0241	0x303C      	MOVLW      60
0x0242	0x00A3      	MOVWF      FARG_set_colors_blue
0x0243	0x26B1      	CALL       _set_colors
0x0244	0x0020      	MOVLB      0
0x0245	0x0AA0      	INCF       main_i_L1, 1
0x0246	0x2A39      	GOTO       L_main85
L_main86:
;PICPixel.c,113 :: 		set_colors(204,92,36);
0x0247	0x30CC      	MOVLW      204
0x0248	0x00A1      	MOVWF      FARG_set_colors_red
0x0249	0x305C      	MOVLW      92
0x024A	0x00A2      	MOVWF      FARG_set_colors_green
0x024B	0x3024      	MOVLW      36
0x024C	0x00A3      	MOVWF      FARG_set_colors_blue
0x024D	0x26B1      	CALL       _set_colors
;PICPixel.c,114 :: 		set_colors(244,139,60);
0x024E	0x30F4      	MOVLW      244
0x024F	0x0020      	MOVLB      0
0x0250	0x00A1      	MOVWF      FARG_set_colors_red
0x0251	0x308B      	MOVLW      139
0x0252	0x00A2      	MOVWF      FARG_set_colors_green
0x0253	0x303C      	MOVLW      60
0x0254	0x00A3      	MOVWF      FARG_set_colors_blue
0x0255	0x26B1      	CALL       _set_colors
;PICPixel.c,115 :: 		for(i = 0; i <= 1; i++) set_colors(0,0,0);
0x0256	0x0020      	MOVLB      0
0x0257	0x01A0      	CLRF       main_i_L1
L_main88:
0x0258	0x0820      	MOVF       main_i_L1, 0
0x0259	0x3C01      	SUBLW      1
0x025A	0x1C03      	BTFSS      STATUS, 0
0x025B	0x2A63      	GOTO       L_main89
0x025C	0x01A1      	CLRF       FARG_set_colors_red
0x025D	0x01A2      	CLRF       FARG_set_colors_green
0x025E	0x01A3      	CLRF       FARG_set_colors_blue
0x025F	0x26B1      	CALL       _set_colors
0x0260	0x0020      	MOVLB      0
0x0261	0x0AA0      	INCF       main_i_L1, 1
0x0262	0x2A58      	GOTO       L_main88
L_main89:
;PICPixel.c,116 :: 		set_colors(204,92,36);
0x0263	0x30CC      	MOVLW      204
0x0264	0x00A1      	MOVWF      FARG_set_colors_red
0x0265	0x305C      	MOVLW      92
0x0266	0x00A2      	MOVWF      FARG_set_colors_green
0x0267	0x3024      	MOVLW      36
0x0268	0x00A3      	MOVWF      FARG_set_colors_blue
0x0269	0x26B1      	CALL       _set_colors
;PICPixel.c,117 :: 		set_colors(244,139,60);
0x026A	0x30F4      	MOVLW      244
0x026B	0x0020      	MOVLB      0
0x026C	0x00A1      	MOVWF      FARG_set_colors_red
0x026D	0x308B      	MOVLW      139
0x026E	0x00A2      	MOVWF      FARG_set_colors_green
0x026F	0x303C      	MOVLW      60
0x0270	0x00A3      	MOVWF      FARG_set_colors_blue
0x0271	0x26B1      	CALL       _set_colors
;PICPixel.c,118 :: 		for(i = 0; i <= 4; i++) set_colors(0,0,0);
0x0272	0x0020      	MOVLB      0
0x0273	0x01A0      	CLRF       main_i_L1
L_main91:
0x0274	0x0820      	MOVF       main_i_L1, 0
0x0275	0x3C04      	SUBLW      4
0x0276	0x1C03      	BTFSS      STATUS, 0
0x0277	0x2A7F      	GOTO       L_main92
0x0278	0x01A1      	CLRF       FARG_set_colors_red
0x0279	0x01A2      	CLRF       FARG_set_colors_green
0x027A	0x01A3      	CLRF       FARG_set_colors_blue
0x027B	0x26B1      	CALL       _set_colors
0x027C	0x0020      	MOVLB      0
0x027D	0x0AA0      	INCF       main_i_L1, 1
0x027E	0x2A74      	GOTO       L_main91
L_main92:
;PICPixel.c,119 :: 		for(i = 0; i <= 1; i++) set_colors(244,139,60);
0x027F	0x01A0      	CLRF       main_i_L1
L_main94:
0x0280	0x0820      	MOVF       main_i_L1, 0
0x0281	0x3C01      	SUBLW      1
0x0282	0x1C03      	BTFSS      STATUS, 0
0x0283	0x2A8E      	GOTO       L_main95
0x0284	0x30F4      	MOVLW      244
0x0285	0x00A1      	MOVWF      FARG_set_colors_red
0x0286	0x308B      	MOVLW      139
0x0287	0x00A2      	MOVWF      FARG_set_colors_green
0x0288	0x303C      	MOVLW      60
0x0289	0x00A3      	MOVWF      FARG_set_colors_blue
0x028A	0x26B1      	CALL       _set_colors
0x028B	0x0020      	MOVLB      0
0x028C	0x0AA0      	INCF       main_i_L1, 1
0x028D	0x2A80      	GOTO       L_main94
L_main95:
;PICPixel.c,120 :: 		set_colors(204,92,36);
0x028E	0x30CC      	MOVLW      204
0x028F	0x00A1      	MOVWF      FARG_set_colors_red
0x0290	0x305C      	MOVLW      92
0x0291	0x00A2      	MOVWF      FARG_set_colors_green
0x0292	0x3024      	MOVLW      36
0x0293	0x00A3      	MOVWF      FARG_set_colors_blue
0x0294	0x26B1      	CALL       _set_colors
;PICPixel.c,121 :: 		for(i = 0; i <= 1; i++) set_colors(244,139,60);
0x0295	0x0020      	MOVLB      0
0x0296	0x01A0      	CLRF       main_i_L1
L_main97:
0x0297	0x0820      	MOVF       main_i_L1, 0
0x0298	0x3C01      	SUBLW      1
0x0299	0x1C03      	BTFSS      STATUS, 0
0x029A	0x2AA5      	GOTO       L_main98
0x029B	0x30F4      	MOVLW      244
0x029C	0x00A1      	MOVWF      FARG_set_colors_red
0x029D	0x308B      	MOVLW      139
0x029E	0x00A2      	MOVWF      FARG_set_colors_green
0x029F	0x303C      	MOVLW      60
0x02A0	0x00A3      	MOVWF      FARG_set_colors_blue
0x02A1	0x26B1      	CALL       _set_colors
0x02A2	0x0020      	MOVLB      0
0x02A3	0x0AA0      	INCF       main_i_L1, 1
0x02A4	0x2A97      	GOTO       L_main97
L_main98:
;PICPixel.c,122 :: 		set_colors(204,92,36);
0x02A5	0x30CC      	MOVLW      204
0x02A6	0x00A1      	MOVWF      FARG_set_colors_red
0x02A7	0x305C      	MOVLW      92
0x02A8	0x00A2      	MOVWF      FARG_set_colors_green
0x02A9	0x3024      	MOVLW      36
0x02AA	0x00A3      	MOVWF      FARG_set_colors_blue
0x02AB	0x26B1      	CALL       _set_colors
;PICPixel.c,123 :: 		for(i = 0; i <= 3; i++) set_colors(207,179,66);
0x02AC	0x0020      	MOVLB      0
0x02AD	0x01A0      	CLRF       main_i_L1
L_main100:
0x02AE	0x0820      	MOVF       main_i_L1, 0
0x02AF	0x3C03      	SUBLW      3
0x02B0	0x1C03      	BTFSS      STATUS, 0
0x02B1	0x2ABC      	GOTO       L_main101
0x02B2	0x30CF      	MOVLW      207
0x02B3	0x00A1      	MOVWF      FARG_set_colors_red
0x02B4	0x30B3      	MOVLW      179
0x02B5	0x00A2      	MOVWF      FARG_set_colors_green
0x02B6	0x3042      	MOVLW      66
0x02B7	0x00A3      	MOVWF      FARG_set_colors_blue
0x02B8	0x26B1      	CALL       _set_colors
0x02B9	0x0020      	MOVLB      0
0x02BA	0x0AA0      	INCF       main_i_L1, 1
0x02BB	0x2AAE      	GOTO       L_main100
L_main101:
;PICPixel.c,124 :: 		set_colors(204,92,36);
0x02BC	0x30CC      	MOVLW      204
0x02BD	0x00A1      	MOVWF      FARG_set_colors_red
0x02BE	0x305C      	MOVLW      92
0x02BF	0x00A2      	MOVWF      FARG_set_colors_green
0x02C0	0x3024      	MOVLW      36
0x02C1	0x00A3      	MOVWF      FARG_set_colors_blue
0x02C2	0x26B1      	CALL       _set_colors
;PICPixel.c,125 :: 		for(i = 0; i <= 1; i++) set_colors(244,139,60);
0x02C3	0x0020      	MOVLB      0
0x02C4	0x01A0      	CLRF       main_i_L1
L_main103:
0x02C5	0x0820      	MOVF       main_i_L1, 0
0x02C6	0x3C01      	SUBLW      1
0x02C7	0x1C03      	BTFSS      STATUS, 0
0x02C8	0x2AD3      	GOTO       L_main104
0x02C9	0x30F4      	MOVLW      244
0x02CA	0x00A1      	MOVWF      FARG_set_colors_red
0x02CB	0x308B      	MOVLW      139
0x02CC	0x00A2      	MOVWF      FARG_set_colors_green
0x02CD	0x303C      	MOVLW      60
0x02CE	0x00A3      	MOVWF      FARG_set_colors_blue
0x02CF	0x26B1      	CALL       _set_colors
0x02D0	0x0020      	MOVLB      0
0x02D1	0x0AA0      	INCF       main_i_L1, 1
0x02D2	0x2AC5      	GOTO       L_main103
L_main104:
;PICPixel.c,126 :: 		set_colors(0,0,0);
0x02D3	0x01A1      	CLRF       FARG_set_colors_red
0x02D4	0x01A2      	CLRF       FARG_set_colors_green
0x02D5	0x01A3      	CLRF       FARG_set_colors_blue
0x02D6	0x26B1      	CALL       _set_colors
;PICPixel.c,127 :: 		for(i = 0; i <= 1; i++) set_colors(204,92,36);
0x02D7	0x0020      	MOVLB      0
0x02D8	0x01A0      	CLRF       main_i_L1
L_main106:
0x02D9	0x0820      	MOVF       main_i_L1, 0
0x02DA	0x3C01      	SUBLW      1
0x02DB	0x1C03      	BTFSS      STATUS, 0
0x02DC	0x2AE7      	GOTO       L_main107
0x02DD	0x30CC      	MOVLW      204
0x02DE	0x00A1      	MOVWF      FARG_set_colors_red
0x02DF	0x305C      	MOVLW      92
0x02E0	0x00A2      	MOVWF      FARG_set_colors_green
0x02E1	0x3024      	MOVLW      36
0x02E2	0x00A3      	MOVWF      FARG_set_colors_blue
0x02E3	0x26B1      	CALL       _set_colors
0x02E4	0x0020      	MOVLB      0
0x02E5	0x0AA0      	INCF       main_i_L1, 1
0x02E6	0x2AD9      	GOTO       L_main106
L_main107:
;PICPixel.c,128 :: 		for(i = 0; i <= 3; i++) set_colors(255,216,104);
0x02E7	0x01A0      	CLRF       main_i_L1
L_main109:
0x02E8	0x0820      	MOVF       main_i_L1, 0
0x02E9	0x3C03      	SUBLW      3
0x02EA	0x1C03      	BTFSS      STATUS, 0
0x02EB	0x2AF6      	GOTO       L_main110
0x02EC	0x30FF      	MOVLW      255
0x02ED	0x00A1      	MOVWF      FARG_set_colors_red
0x02EE	0x30D8      	MOVLW      216
0x02EF	0x00A2      	MOVWF      FARG_set_colors_green
0x02F0	0x3068      	MOVLW      104
0x02F1	0x00A3      	MOVWF      FARG_set_colors_blue
0x02F2	0x26B1      	CALL       _set_colors
0x02F3	0x0020      	MOVLB      0
0x02F4	0x0AA0      	INCF       main_i_L1, 1
0x02F5	0x2AE8      	GOTO       L_main109
L_main110:
;PICPixel.c,129 :: 		for(i = 0; i <= 2; i++) set_colors(204,92,36);
0x02F6	0x01A0      	CLRF       main_i_L1
L_main112:
0x02F7	0x0820      	MOVF       main_i_L1, 0
0x02F8	0x3C02      	SUBLW      2
0x02F9	0x1C03      	BTFSS      STATUS, 0
0x02FA	0x2B05      	GOTO       L_main113
0x02FB	0x30CC      	MOVLW      204
0x02FC	0x00A1      	MOVWF      FARG_set_colors_red
0x02FD	0x305C      	MOVLW      92
0x02FE	0x00A2      	MOVWF      FARG_set_colors_green
0x02FF	0x3024      	MOVLW      36
0x0300	0x00A3      	MOVWF      FARG_set_colors_blue
0x0301	0x26B1      	CALL       _set_colors
0x0302	0x0020      	MOVLB      0
0x0303	0x0AA0      	INCF       main_i_L1, 1
0x0304	0x2AF7      	GOTO       L_main112
L_main113:
;PICPixel.c,130 :: 		for(i = 0; i <= 1; i++) set_colors(244,139,60);
0x0305	0x01A0      	CLRF       main_i_L1
L_main115:
0x0306	0x0820      	MOVF       main_i_L1, 0
0x0307	0x3C01      	SUBLW      1
0x0308	0x1C03      	BTFSS      STATUS, 0
0x0309	0x2B14      	GOTO       L_main116
0x030A	0x30F4      	MOVLW      244
0x030B	0x00A1      	MOVWF      FARG_set_colors_red
0x030C	0x308B      	MOVLW      139
0x030D	0x00A2      	MOVWF      FARG_set_colors_green
0x030E	0x303C      	MOVLW      60
0x030F	0x00A3      	MOVWF      FARG_set_colors_blue
0x0310	0x26B1      	CALL       _set_colors
0x0311	0x0020      	MOVLB      0
0x0312	0x0AA0      	INCF       main_i_L1, 1
0x0313	0x2B06      	GOTO       L_main115
L_main116:
;PICPixel.c,131 :: 		for(i = 0; i <= 9; i++) set_colors(0,0,0);
0x0314	0x01A0      	CLRF       main_i_L1
L_main118:
0x0315	0x0820      	MOVF       main_i_L1, 0
0x0316	0x3C09      	SUBLW      9
0x0317	0x1C03      	BTFSS      STATUS, 0
0x0318	0x2B20      	GOTO       L_main119
0x0319	0x01A1      	CLRF       FARG_set_colors_red
0x031A	0x01A2      	CLRF       FARG_set_colors_green
0x031B	0x01A3      	CLRF       FARG_set_colors_blue
0x031C	0x26B1      	CALL       _set_colors
0x031D	0x0020      	MOVLB      0
0x031E	0x0AA0      	INCF       main_i_L1, 1
0x031F	0x2B15      	GOTO       L_main118
L_main119:
;PICPixel.c,132 :: 		for(i = 0; i <= 2; i++) set_colors(244,139,60);
0x0320	0x01A0      	CLRF       main_i_L1
L_main121:
0x0321	0x0820      	MOVF       main_i_L1, 0
0x0322	0x3C02      	SUBLW      2
0x0323	0x1C03      	BTFSS      STATUS, 0
0x0324	0x2B2F      	GOTO       L_main122
0x0325	0x30F4      	MOVLW      244
0x0326	0x00A1      	MOVWF      FARG_set_colors_red
0x0327	0x308B      	MOVLW      139
0x0328	0x00A2      	MOVWF      FARG_set_colors_green
0x0329	0x303C      	MOVLW      60
0x032A	0x00A3      	MOVWF      FARG_set_colors_blue
0x032B	0x26B1      	CALL       _set_colors
0x032C	0x0020      	MOVLB      0
0x032D	0x0AA0      	INCF       main_i_L1, 1
0x032E	0x2B21      	GOTO       L_main121
L_main122:
;PICPixel.c,133 :: 		for(i = 0; i <= 3; i++) set_colors(255,216,104);
0x032F	0x01A0      	CLRF       main_i_L1
L_main124:
0x0330	0x0820      	MOVF       main_i_L1, 0
0x0331	0x3C03      	SUBLW      3
0x0332	0x1C03      	BTFSS      STATUS, 0
0x0333	0x2B3E      	GOTO       L_main125
0x0334	0x30FF      	MOVLW      255
0x0335	0x00A1      	MOVWF      FARG_set_colors_red
0x0336	0x30D8      	MOVLW      216
0x0337	0x00A2      	MOVWF      FARG_set_colors_green
0x0338	0x3068      	MOVLW      104
0x0339	0x00A3      	MOVWF      FARG_set_colors_blue
0x033A	0x26B1      	CALL       _set_colors
0x033B	0x0020      	MOVLB      0
0x033C	0x0AA0      	INCF       main_i_L1, 1
0x033D	0x2B30      	GOTO       L_main124
L_main125:
;PICPixel.c,134 :: 		for(i = 0; i <= 1; i++) set_colors(244,139,60);
0x033E	0x01A0      	CLRF       main_i_L1
L_main127:
0x033F	0x0820      	MOVF       main_i_L1, 0
0x0340	0x3C01      	SUBLW      1
0x0341	0x1C03      	BTFSS      STATUS, 0
0x0342	0x2B4D      	GOTO       L_main128
0x0343	0x30F4      	MOVLW      244
0x0344	0x00A1      	MOVWF      FARG_set_colors_red
0x0345	0x308B      	MOVLW      139
0x0346	0x00A2      	MOVWF      FARG_set_colors_green
0x0347	0x303C      	MOVLW      60
0x0348	0x00A3      	MOVWF      FARG_set_colors_blue
0x0349	0x26B1      	CALL       _set_colors
0x034A	0x0020      	MOVLB      0
0x034B	0x0AA0      	INCF       main_i_L1, 1
0x034C	0x2B3F      	GOTO       L_main127
L_main128:
;PICPixel.c,135 :: 		for(i = 0; i <= 2; i++) set_colors(0,0,0);
0x034D	0x01A0      	CLRF       main_i_L1
L_main130:
0x034E	0x0820      	MOVF       main_i_L1, 0
0x034F	0x3C02      	SUBLW      2
0x0350	0x1C03      	BTFSS      STATUS, 0
0x0351	0x2B59      	GOTO       L_main131
0x0352	0x01A1      	CLRF       FARG_set_colors_red
0x0353	0x01A2      	CLRF       FARG_set_colors_green
0x0354	0x01A3      	CLRF       FARG_set_colors_blue
0x0355	0x26B1      	CALL       _set_colors
0x0356	0x0020      	MOVLB      0
0x0357	0x0AA0      	INCF       main_i_L1, 1
0x0358	0x2B4E      	GOTO       L_main130
L_main131:
;PICPixel.c,136 :: 		for(i = 0; i <= 1; i++) set_colors(204,92,36);
0x0359	0x01A0      	CLRF       main_i_L1
L_main133:
0x035A	0x0820      	MOVF       main_i_L1, 0
0x035B	0x3C01      	SUBLW      1
0x035C	0x1C03      	BTFSS      STATUS, 0
0x035D	0x2B68      	GOTO       L_main134
0x035E	0x30CC      	MOVLW      204
0x035F	0x00A1      	MOVWF      FARG_set_colors_red
0x0360	0x305C      	MOVLW      92
0x0361	0x00A2      	MOVWF      FARG_set_colors_green
0x0362	0x3024      	MOVLW      36
0x0363	0x00A3      	MOVWF      FARG_set_colors_blue
0x0364	0x26B1      	CALL       _set_colors
0x0365	0x0020      	MOVLB      0
0x0366	0x0AA0      	INCF       main_i_L1, 1
0x0367	0x2B5A      	GOTO       L_main133
L_main134:
;PICPixel.c,137 :: 		for(i = 0; i <= 2; i++) set_colors(0,0,0);
0x0368	0x01A0      	CLRF       main_i_L1
L_main136:
0x0369	0x0820      	MOVF       main_i_L1, 0
0x036A	0x3C02      	SUBLW      2
0x036B	0x1C03      	BTFSS      STATUS, 0
0x036C	0x2B74      	GOTO       L_main137
0x036D	0x01A1      	CLRF       FARG_set_colors_red
0x036E	0x01A2      	CLRF       FARG_set_colors_green
0x036F	0x01A3      	CLRF       FARG_set_colors_blue
0x0370	0x26B1      	CALL       _set_colors
0x0371	0x0020      	MOVLB      0
0x0372	0x0AA0      	INCF       main_i_L1, 1
0x0373	0x2B69      	GOTO       L_main136
L_main137:
;PICPixel.c,138 :: 		for(i = 0; i <= 1; i++) set_colors(204,92,36);
0x0374	0x01A0      	CLRF       main_i_L1
L_main139:
0x0375	0x0820      	MOVF       main_i_L1, 0
0x0376	0x3C01      	SUBLW      1
0x0377	0x1C03      	BTFSS      STATUS, 0
0x0378	0x2B83      	GOTO       L_main140
0x0379	0x30CC      	MOVLW      204
0x037A	0x00A1      	MOVWF      FARG_set_colors_red
0x037B	0x305C      	MOVLW      92
0x037C	0x00A2      	MOVWF      FARG_set_colors_green
0x037D	0x3024      	MOVLW      36
0x037E	0x00A3      	MOVWF      FARG_set_colors_blue
0x037F	0x26B1      	CALL       _set_colors
0x0380	0x0020      	MOVLB      0
0x0381	0x0AA0      	INCF       main_i_L1, 1
0x0382	0x2B75      	GOTO       L_main139
L_main140:
;PICPixel.c,139 :: 		for(i = 0; i <= 22; i++) set_colors(0,0,0);
0x0383	0x01A0      	CLRF       main_i_L1
L_main142:
0x0384	0x0820      	MOVF       main_i_L1, 0
0x0385	0x3C16      	SUBLW      22
0x0386	0x1C03      	BTFSS      STATUS, 0
0x0387	0x2B8F      	GOTO       L_main143
0x0388	0x01A1      	CLRF       FARG_set_colors_red
0x0389	0x01A2      	CLRF       FARG_set_colors_green
0x038A	0x01A3      	CLRF       FARG_set_colors_blue
0x038B	0x26B1      	CALL       _set_colors
0x038C	0x0020      	MOVLB      0
0x038D	0x0AA0      	INCF       main_i_L1, 1
0x038E	0x2B84      	GOTO       L_main142
L_main143:
;PICPixel.c,141 :: 		LATA.F0 = 0b0;
0x038F	0x0022      	MOVLB      2
0x0390	0x100C      	BCF        LATA, 0
;PICPixel.c,142 :: 		delay_us(50);
0x0391	0x3085      	MOVLW      133
0x0392	0x00FD      	MOVWF      R13
L_main145:
0x0393	0x0BFD      	DECFSZ     R13, 1
0x0394	0x2B93      	GOTO       L_main145
;PICPixel.c,143 :: 		delay_ms(500);
0x0395	0x3015      	MOVLW      21
0x0396	0x00FB      	MOVWF      R11
0x0397	0x304B      	MOVLW      75
0x0398	0x00FC      	MOVWF      R12
0x0399	0x30BE      	MOVLW      190
0x039A	0x00FD      	MOVWF      R13
L_main146:
0x039B	0x0BFD      	DECFSZ     R13, 1
0x039C	0x2B9B      	GOTO       L_main146
0x039D	0x0BFC      	DECFSZ     R12, 1
0x039E	0x2B9B      	GOTO       L_main146
0x039F	0x0BFB      	DECFSZ     R11, 1
0x03A0	0x2B9B      	GOTO       L_main146
0x03A1	0x0000      	NOP
;PICPixel.c,146 :: 		for(i = 0; i <= 33; i++) set_colors(0,0,0);
0x03A2	0x0020      	MOVLB      0
0x03A3	0x01A0      	CLRF       main_i_L1
L_main147:
0x03A4	0x0820      	MOVF       main_i_L1, 0
0x03A5	0x3C21      	SUBLW      33
0x03A6	0x1C03      	BTFSS      STATUS, 0
0x03A7	0x2BAF      	GOTO       L_main148
0x03A8	0x01A1      	CLRF       FARG_set_colors_red
0x03A9	0x01A2      	CLRF       FARG_set_colors_green
0x03AA	0x01A3      	CLRF       FARG_set_colors_blue
0x03AB	0x26B1      	CALL       _set_colors
0x03AC	0x0020      	MOVLB      0
0x03AD	0x0AA0      	INCF       main_i_L1, 1
0x03AE	0x2BA4      	GOTO       L_main147
L_main148:
;PICPixel.c,147 :: 		for(i = 0; i <= 5; i++) set_colors(244,139,60);
0x03AF	0x01A0      	CLRF       main_i_L1
L_main150:
0x03B0	0x0820      	MOVF       main_i_L1, 0
0x03B1	0x3C05      	SUBLW      5
0x03B2	0x1C03      	BTFSS      STATUS, 0
0x03B3	0x2BBE      	GOTO       L_main151
0x03B4	0x30F4      	MOVLW      244
0x03B5	0x00A1      	MOVWF      FARG_set_colors_red
0x03B6	0x308B      	MOVLW      139
0x03B7	0x00A2      	MOVWF      FARG_set_colors_green
0x03B8	0x303C      	MOVLW      60
0x03B9	0x00A3      	MOVWF      FARG_set_colors_blue
0x03BA	0x26B1      	CALL       _set_colors
0x03BB	0x0020      	MOVLB      0
0x03BC	0x0AA0      	INCF       main_i_L1, 1
0x03BD	0x2BB0      	GOTO       L_main150
L_main151:
;PICPixel.c,148 :: 		for(i = 0; i <= 14; i++) set_colors(0,0,0);
0x03BE	0x01A0      	CLRF       main_i_L1
L_main153:
0x03BF	0x0820      	MOVF       main_i_L1, 0
0x03C0	0x3C0E      	SUBLW      14
0x03C1	0x1C03      	BTFSS      STATUS, 0
0x03C2	0x2BCA      	GOTO       L_main154
0x03C3	0x01A1      	CLRF       FARG_set_colors_red
0x03C4	0x01A2      	CLRF       FARG_set_colors_green
0x03C5	0x01A3      	CLRF       FARG_set_colors_blue
0x03C6	0x26B1      	CALL       _set_colors
0x03C7	0x0020      	MOVLB      0
0x03C8	0x0AA0      	INCF       main_i_L1, 1
0x03C9	0x2BBF      	GOTO       L_main153
L_main154:
;PICPixel.c,149 :: 		for(i = 0; i <= 7; i++) set_colors(244,139,60);
0x03CA	0x01A0      	CLRF       main_i_L1
L_main156:
0x03CB	0x0820      	MOVF       main_i_L1, 0
0x03CC	0x3C07      	SUBLW      7
0x03CD	0x1C03      	BTFSS      STATUS, 0
0x03CE	0x2BD9      	GOTO       L_main157
0x03CF	0x30F4      	MOVLW      244
0x03D0	0x00A1      	MOVWF      FARG_set_colors_red
0x03D1	0x308B      	MOVLW      139
0x03D2	0x00A2      	MOVWF      FARG_set_colors_green
0x03D3	0x303C      	MOVLW      60
0x03D4	0x00A3      	MOVWF      FARG_set_colors_blue
0x03D5	0x26B1      	CALL       _set_colors
0x03D6	0x0020      	MOVLB      0
0x03D7	0x0AA0      	INCF       main_i_L1, 1
0x03D8	0x2BCB      	GOTO       L_main156
L_main157:
;PICPixel.c,150 :: 		set_colors(0,0,0);
0x03D9	0x01A1      	CLRF       FARG_set_colors_red
0x03DA	0x01A2      	CLRF       FARG_set_colors_green
0x03DB	0x01A3      	CLRF       FARG_set_colors_blue
0x03DC	0x26B1      	CALL       _set_colors
;PICPixel.c,151 :: 		for(i = 0; i <= 9; i++) set_colors(244,139,60);
0x03DD	0x0020      	MOVLB      0
0x03DE	0x01A0      	CLRF       main_i_L1
L_main159:
0x03DF	0x0820      	MOVF       main_i_L1, 0
0x03E0	0x3C09      	SUBLW      9
0x03E1	0x1C03      	BTFSS      STATUS, 0
0x03E2	0x2BED      	GOTO       L_main160
0x03E3	0x30F4      	MOVLW      244
0x03E4	0x00A1      	MOVWF      FARG_set_colors_red
0x03E5	0x308B      	MOVLW      139
0x03E6	0x00A2      	MOVWF      FARG_set_colors_green
0x03E7	0x303C      	MOVLW      60
0x03E8	0x00A3      	MOVWF      FARG_set_colors_blue
0x03E9	0x26B1      	CALL       _set_colors
0x03EA	0x0020      	MOVLB      0
0x03EB	0x0AA0      	INCF       main_i_L1, 1
0x03EC	0x2BDF      	GOTO       L_main159
L_main160:
;PICPixel.c,152 :: 		for(i = 0; i <= 2; i++) set_colors(0,0,0);
0x03ED	0x01A0      	CLRF       main_i_L1
L_main162:
0x03EE	0x0820      	MOVF       main_i_L1, 0
0x03EF	0x3C02      	SUBLW      2
0x03F0	0x1C03      	BTFSS      STATUS, 0
0x03F1	0x2BF9      	GOTO       L_main163
0x03F2	0x01A1      	CLRF       FARG_set_colors_red
0x03F3	0x01A2      	CLRF       FARG_set_colors_green
0x03F4	0x01A3      	CLRF       FARG_set_colors_blue
0x03F5	0x26B1      	CALL       _set_colors
0x03F6	0x0020      	MOVLB      0
0x03F7	0x0AA0      	INCF       main_i_L1, 1
0x03F8	0x2BEE      	GOTO       L_main162
L_main163:
;PICPixel.c,153 :: 		set_colors(230,57,41);
0x03F9	0x30E6      	MOVLW      230
0x03FA	0x00A1      	MOVWF      FARG_set_colors_red
0x03FB	0x3039      	MOVLW      57
0x03FC	0x00A2      	MOVWF      FARG_set_colors_green
0x03FD	0x3029      	MOVLW      41
0x03FE	0x00A3      	MOVWF      FARG_set_colors_blue
0x03FF	0x26B1      	CALL       _set_colors
;PICPixel.c,154 :: 		for(i = 0; i <= 3; i++) set_colors(0,0,0);
0x0400	0x0020      	MOVLB      0
0x0401	0x01A0      	CLRF       main_i_L1
L_main165:
0x0402	0x0820      	MOVF       main_i_L1, 0
0x0403	0x3C03      	SUBLW      3
0x0404	0x1C03      	BTFSS      STATUS, 0
0x0405	0x2C0D      	GOTO       L_main166
0x0406	0x01A1      	CLRF       FARG_set_colors_red
0x0407	0x01A2      	CLRF       FARG_set_colors_green
0x0408	0x01A3      	CLRF       FARG_set_colors_blue
0x0409	0x26B1      	CALL       _set_colors
0x040A	0x0020      	MOVLB      0
0x040B	0x0AA0      	INCF       main_i_L1, 1
0x040C	0x2C02      	GOTO       L_main165
L_main166:
;PICPixel.c,155 :: 		for(i = 0; i <= 1; i++)set_colors(230,57,41);
0x040D	0x01A0      	CLRF       main_i_L1
L_main168:
0x040E	0x0820      	MOVF       main_i_L1, 0
0x040F	0x3C01      	SUBLW      1
0x0410	0x1C03      	BTFSS      STATUS, 0
0x0411	0x2C1C      	GOTO       L_main169
0x0412	0x30E6      	MOVLW      230
0x0413	0x00A1      	MOVWF      FARG_set_colors_red
0x0414	0x3039      	MOVLW      57
0x0415	0x00A2      	MOVWF      FARG_set_colors_green
0x0416	0x3029      	MOVLW      41
0x0417	0x00A3      	MOVWF      FARG_set_colors_blue
0x0418	0x26B1      	CALL       _set_colors
0x0419	0x0020      	MOVLB      0
0x041A	0x0AA0      	INCF       main_i_L1, 1
0x041B	0x2C0E      	GOTO       L_main168
L_main169:
;PICPixel.c,156 :: 		for(i = 0; i <= 1; i++) set_colors(0,0,0);
0x041C	0x01A0      	CLRF       main_i_L1
L_main171:
0x041D	0x0820      	MOVF       main_i_L1, 0
0x041E	0x3C01      	SUBLW      1
0x041F	0x1C03      	BTFSS      STATUS, 0
0x0420	0x2C28      	GOTO       L_main172
0x0421	0x01A1      	CLRF       FARG_set_colors_red
0x0422	0x01A2      	CLRF       FARG_set_colors_green
0x0423	0x01A3      	CLRF       FARG_set_colors_blue
0x0424	0x26B1      	CALL       _set_colors
0x0425	0x0020      	MOVLB      0
0x0426	0x0AA0      	INCF       main_i_L1, 1
0x0427	0x2C1D      	GOTO       L_main171
L_main172:
;PICPixel.c,157 :: 		for(i = 0; i <= 19; i++) set_colors(244,139,60);
0x0428	0x01A0      	CLRF       main_i_L1
L_main174:
0x0429	0x0820      	MOVF       main_i_L1, 0
0x042A	0x3C13      	SUBLW      19
0x042B	0x1C03      	BTFSS      STATUS, 0
0x042C	0x2C37      	GOTO       L_main175
0x042D	0x30F4      	MOVLW      244
0x042E	0x00A1      	MOVWF      FARG_set_colors_red
0x042F	0x308B      	MOVLW      139
0x0430	0x00A2      	MOVWF      FARG_set_colors_green
0x0431	0x303C      	MOVLW      60
0x0432	0x00A3      	MOVWF      FARG_set_colors_blue
0x0433	0x26B1      	CALL       _set_colors
0x0434	0x0020      	MOVLB      0
0x0435	0x0AA0      	INCF       main_i_L1, 1
0x0436	0x2C29      	GOTO       L_main174
L_main175:
;PICPixel.c,158 :: 		set_colors(0,0,0);
0x0437	0x01A1      	CLRF       FARG_set_colors_red
0x0438	0x01A2      	CLRF       FARG_set_colors_green
0x0439	0x01A3      	CLRF       FARG_set_colors_blue
0x043A	0x26B1      	CALL       _set_colors
;PICPixel.c,159 :: 		for(i = 0; i <= 2; i++) set_colors(230,57,41);
0x043B	0x0020      	MOVLB      0
0x043C	0x01A0      	CLRF       main_i_L1
L_main177:
0x043D	0x0820      	MOVF       main_i_L1, 0
0x043E	0x3C02      	SUBLW      2
0x043F	0x1C03      	BTFSS      STATUS, 0
0x0440	0x2C4B      	GOTO       L_main178
0x0441	0x30E6      	MOVLW      230
0x0442	0x00A1      	MOVWF      FARG_set_colors_red
0x0443	0x3039      	MOVLW      57
0x0444	0x00A2      	MOVWF      FARG_set_colors_green
0x0445	0x3029      	MOVLW      41
0x0446	0x00A3      	MOVWF      FARG_set_colors_blue
0x0447	0x26B1      	CALL       _set_colors
0x0448	0x0020      	MOVLB      0
0x0449	0x0AA0      	INCF       main_i_L1, 1
0x044A	0x2C3D      	GOTO       L_main177
L_main178:
;PICPixel.c,160 :: 		for(i = 0; i <= 3; i++) set_colors(0,0,0);
0x044B	0x01A0      	CLRF       main_i_L1
L_main180:
0x044C	0x0820      	MOVF       main_i_L1, 0
0x044D	0x3C03      	SUBLW      3
0x044E	0x1C03      	BTFSS      STATUS, 0
0x044F	0x2C57      	GOTO       L_main181
0x0450	0x01A1      	CLRF       FARG_set_colors_red
0x0451	0x01A2      	CLRF       FARG_set_colors_green
0x0452	0x01A3      	CLRF       FARG_set_colors_blue
0x0453	0x26B1      	CALL       _set_colors
0x0454	0x0020      	MOVLB      0
0x0455	0x0AA0      	INCF       main_i_L1, 1
0x0456	0x2C4C      	GOTO       L_main180
L_main181:
;PICPixel.c,161 :: 		set_colors(230,57,41);
0x0457	0x30E6      	MOVLW      230
0x0458	0x00A1      	MOVWF      FARG_set_colors_red
0x0459	0x3039      	MOVLW      57
0x045A	0x00A2      	MOVWF      FARG_set_colors_green
0x045B	0x3029      	MOVLW      41
0x045C	0x00A3      	MOVWF      FARG_set_colors_blue
0x045D	0x26B1      	CALL       _set_colors
;PICPixel.c,162 :: 		set_colors(255,216,104);
0x045E	0x30FF      	MOVLW      255
0x045F	0x0020      	MOVLB      0
0x0460	0x00A1      	MOVWF      FARG_set_colors_red
0x0461	0x30D8      	MOVLW      216
0x0462	0x00A2      	MOVWF      FARG_set_colors_green
0x0463	0x3068      	MOVLW      104
0x0464	0x00A3      	MOVWF      FARG_set_colors_blue
0x0465	0x26B1      	CALL       _set_colors
;PICPixel.c,163 :: 		set_colors(230,57,41);
0x0466	0x30E6      	MOVLW      230
0x0467	0x0020      	MOVLB      0
0x0468	0x00A1      	MOVWF      FARG_set_colors_red
0x0469	0x3039      	MOVLW      57
0x046A	0x00A2      	MOVWF      FARG_set_colors_green
0x046B	0x3029      	MOVLW      41
0x046C	0x00A3      	MOVWF      FARG_set_colors_blue
0x046D	0x26B1      	CALL       _set_colors
;PICPixel.c,164 :: 		set_colors(0,0,0);
0x046E	0x0020      	MOVLB      0
0x046F	0x01A1      	CLRF       FARG_set_colors_red
0x0470	0x01A2      	CLRF       FARG_set_colors_green
0x0471	0x01A3      	CLRF       FARG_set_colors_blue
0x0472	0x26B1      	CALL       _set_colors
;PICPixel.c,165 :: 		set_colors(244,139,60);
0x0473	0x30F4      	MOVLW      244
0x0474	0x0020      	MOVLB      0
0x0475	0x00A1      	MOVWF      FARG_set_colors_red
0x0476	0x308B      	MOVLW      139
0x0477	0x00A2      	MOVWF      FARG_set_colors_green
0x0478	0x303C      	MOVLW      60
0x0479	0x00A3      	MOVWF      FARG_set_colors_blue
0x047A	0x26B1      	CALL       _set_colors
;PICPixel.c,166 :: 		set_colors(204,92,36);
0x047B	0x30CC      	MOVLW      204
0x047C	0x0020      	MOVLB      0
0x047D	0x00A1      	MOVWF      FARG_set_colors_red
0x047E	0x305C      	MOVLW      92
0x047F	0x00A2      	MOVWF      FARG_set_colors_green
0x0480	0x3024      	MOVLW      36
0x0481	0x00A3      	MOVWF      FARG_set_colors_blue
0x0482	0x26B1      	CALL       _set_colors
;PICPixel.c,167 :: 		for(i = 0; i <= 5; i++) set_colors(244,139,60);
0x0483	0x0020      	MOVLB      0
0x0484	0x01A0      	CLRF       main_i_L1
L_main183:
0x0485	0x0820      	MOVF       main_i_L1, 0
0x0486	0x3C05      	SUBLW      5
0x0487	0x1C03      	BTFSS      STATUS, 0
0x0488	0x2C93      	GOTO       L_main184
0x0489	0x30F4      	MOVLW      244
0x048A	0x00A1      	MOVWF      FARG_set_colors_red
0x048B	0x308B      	MOVLW      139
0x048C	0x00A2      	MOVWF      FARG_set_colors_green
0x048D	0x303C      	MOVLW      60
0x048E	0x00A3      	MOVWF      FARG_set_colors_blue
0x048F	0x26B1      	CALL       _set_colors
0x0490	0x0020      	MOVLB      0
0x0491	0x0AA0      	INCF       main_i_L1, 1
0x0492	0x2C85      	GOTO       L_main183
L_main184:
;PICPixel.c,168 :: 		set_colors(204,92,36);
0x0493	0x30CC      	MOVLW      204
0x0494	0x00A1      	MOVWF      FARG_set_colors_red
0x0495	0x305C      	MOVLW      92
0x0496	0x00A2      	MOVWF      FARG_set_colors_green
0x0497	0x3024      	MOVLW      36
0x0498	0x00A3      	MOVWF      FARG_set_colors_blue
0x0499	0x26B1      	CALL       _set_colors
;PICPixel.c,169 :: 		for(i = 0; i <= 1; i++) set_colors(244,139,60);
0x049A	0x0020      	MOVLB      0
0x049B	0x01A0      	CLRF       main_i_L1
L_main186:
0x049C	0x0820      	MOVF       main_i_L1, 0
0x049D	0x3C01      	SUBLW      1
0x049E	0x1C03      	BTFSS      STATUS, 0
0x049F	0x2CAA      	GOTO       L_main187
0x04A0	0x30F4      	MOVLW      244
0x04A1	0x00A1      	MOVWF      FARG_set_colors_red
0x04A2	0x308B      	MOVLW      139
0x04A3	0x00A2      	MOVWF      FARG_set_colors_green
0x04A4	0x303C      	MOVLW      60
0x04A5	0x00A3      	MOVWF      FARG_set_colors_blue
0x04A6	0x26B1      	CALL       _set_colors
0x04A7	0x0020      	MOVLB      0
0x04A8	0x0AA0      	INCF       main_i_L1, 1
0x04A9	0x2C9C      	GOTO       L_main186
L_main187:
;PICPixel.c,170 :: 		for(i = 0; i <= 1; i++) set_colors(204,92,36);
0x04AA	0x01A0      	CLRF       main_i_L1
L_main189:
0x04AB	0x0820      	MOVF       main_i_L1, 0
0x04AC	0x3C01      	SUBLW      1
0x04AD	0x1C03      	BTFSS      STATUS, 0
0x04AE	0x2CB9      	GOTO       L_main190
0x04AF	0x30CC      	MOVLW      204
0x04B0	0x00A1      	MOVWF      FARG_set_colors_red
0x04B1	0x305C      	MOVLW      92
0x04B2	0x00A2      	MOVWF      FARG_set_colors_green
0x04B3	0x3024      	MOVLW      36
0x04B4	0x00A3      	MOVWF      FARG_set_colors_blue
0x04B5	0x26B1      	CALL       _set_colors
0x04B6	0x0020      	MOVLB      0
0x04B7	0x0AA0      	INCF       main_i_L1, 1
0x04B8	0x2CAB      	GOTO       L_main189
L_main190:
;PICPixel.c,171 :: 		for(i = 0; i <= 3; i++) set_colors(244,139,60);
0x04B9	0x01A0      	CLRF       main_i_L1
L_main192:
0x04BA	0x0820      	MOVF       main_i_L1, 0
0x04BB	0x3C03      	SUBLW      3
0x04BC	0x1C03      	BTFSS      STATUS, 0
0x04BD	0x2CC8      	GOTO       L_main193
0x04BE	0x30F4      	MOVLW      244
0x04BF	0x00A1      	MOVWF      FARG_set_colors_red
0x04C0	0x308B      	MOVLW      139
0x04C1	0x00A2      	MOVWF      FARG_set_colors_green
0x04C2	0x303C      	MOVLW      60
0x04C3	0x00A3      	MOVWF      FARG_set_colors_blue
0x04C4	0x26B1      	CALL       _set_colors
0x04C5	0x0020      	MOVLB      0
0x04C6	0x0AA0      	INCF       main_i_L1, 1
0x04C7	0x2CBA      	GOTO       L_main192
L_main193:
;PICPixel.c,172 :: 		for(i = 0; i <= 1; i++) set_colors(204,92,36);
0x04C8	0x01A0      	CLRF       main_i_L1
L_main195:
0x04C9	0x0820      	MOVF       main_i_L1, 0
0x04CA	0x3C01      	SUBLW      1
0x04CB	0x1C03      	BTFSS      STATUS, 0
0x04CC	0x2CD7      	GOTO       L_main196
0x04CD	0x30CC      	MOVLW      204
0x04CE	0x00A1      	MOVWF      FARG_set_colors_red
0x04CF	0x305C      	MOVLW      92
0x04D0	0x00A2      	MOVWF      FARG_set_colors_green
0x04D1	0x3024      	MOVLW      36
0x04D2	0x00A3      	MOVWF      FARG_set_colors_blue
0x04D3	0x26B1      	CALL       _set_colors
0x04D4	0x0020      	MOVLB      0
0x04D5	0x0AA0      	INCF       main_i_L1, 1
0x04D6	0x2CC9      	GOTO       L_main195
L_main196:
;PICPixel.c,173 :: 		set_colors(244,139,60);
0x04D7	0x30F4      	MOVLW      244
0x04D8	0x00A1      	MOVWF      FARG_set_colors_red
0x04D9	0x308B      	MOVLW      139
0x04DA	0x00A2      	MOVWF      FARG_set_colors_green
0x04DB	0x303C      	MOVLW      60
0x04DC	0x00A3      	MOVWF      FARG_set_colors_blue
0x04DD	0x26B1      	CALL       _set_colors
;PICPixel.c,174 :: 		set_colors(0,0,0);
0x04DE	0x0020      	MOVLB      0
0x04DF	0x01A1      	CLRF       FARG_set_colors_red
0x04E0	0x01A2      	CLRF       FARG_set_colors_green
0x04E1	0x01A3      	CLRF       FARG_set_colors_blue
0x04E2	0x26B1      	CALL       _set_colors
;PICPixel.c,175 :: 		set_colors(230,57,41);
0x04E3	0x30E6      	MOVLW      230
0x04E4	0x0020      	MOVLB      0
0x04E5	0x00A1      	MOVWF      FARG_set_colors_red
0x04E6	0x3039      	MOVLW      57
0x04E7	0x00A2      	MOVWF      FARG_set_colors_green
0x04E8	0x3029      	MOVLW      41
0x04E9	0x00A3      	MOVWF      FARG_set_colors_blue
0x04EA	0x26B1      	CALL       _set_colors
;PICPixel.c,176 :: 		set_colors(255,216,104);
0x04EB	0x30FF      	MOVLW      255
0x04EC	0x0020      	MOVLB      0
0x04ED	0x00A1      	MOVWF      FARG_set_colors_red
0x04EE	0x30D8      	MOVLW      216
0x04EF	0x00A2      	MOVWF      FARG_set_colors_green
0x04F0	0x3068      	MOVLW      104
0x04F1	0x00A3      	MOVWF      FARG_set_colors_blue
0x04F2	0x26B1      	CALL       _set_colors
;PICPixel.c,177 :: 		set_colors(230,57,41);
0x04F3	0x30E6      	MOVLW      230
0x04F4	0x0020      	MOVLB      0
0x04F5	0x00A1      	MOVWF      FARG_set_colors_red
0x04F6	0x3039      	MOVLW      57
0x04F7	0x00A2      	MOVWF      FARG_set_colors_green
0x04F8	0x3029      	MOVLW      41
0x04F9	0x00A3      	MOVWF      FARG_set_colors_blue
0x04FA	0x26B1      	CALL       _set_colors
;PICPixel.c,178 :: 		for(i = 0; i <= 4; i++) set_colors(0,0,0);
0x04FB	0x0020      	MOVLB      0
0x04FC	0x01A0      	CLRF       main_i_L1
L_main198:
0x04FD	0x0820      	MOVF       main_i_L1, 0
0x04FE	0x3C04      	SUBLW      4
0x04FF	0x1C03      	BTFSS      STATUS, 0
0x0500	0x2D08      	GOTO       L_main199
0x0501	0x01A1      	CLRF       FARG_set_colors_red
0x0502	0x01A2      	CLRF       FARG_set_colors_green
0x0503	0x01A3      	CLRF       FARG_set_colors_blue
0x0504	0x26B1      	CALL       _set_colors
0x0505	0x0020      	MOVLB      0
0x0506	0x0AA0      	INCF       main_i_L1, 1
0x0507	0x2CFD      	GOTO       L_main198
L_main199:
;PICPixel.c,179 :: 		set_colors(230,57,41);
0x0508	0x30E6      	MOVLW      230
0x0509	0x00A1      	MOVWF      FARG_set_colors_red
0x050A	0x3039      	MOVLW      57
0x050B	0x00A2      	MOVWF      FARG_set_colors_green
0x050C	0x3029      	MOVLW      41
0x050D	0x00A3      	MOVWF      FARG_set_colors_blue
0x050E	0x26B1      	CALL       _set_colors
;PICPixel.c,180 :: 		for(i = 0; i <= 1; i++) set_colors(0,0,0);
0x050F	0x0020      	MOVLB      0
0x0510	0x01A0      	CLRF       main_i_L1
L_main201:
0x0511	0x0820      	MOVF       main_i_L1, 0
0x0512	0x3C01      	SUBLW      1
0x0513	0x1C03      	BTFSS      STATUS, 0
0x0514	0x2D1C      	GOTO       L_main202
0x0515	0x01A1      	CLRF       FARG_set_colors_red
0x0516	0x01A2      	CLRF       FARG_set_colors_green
0x0517	0x01A3      	CLRF       FARG_set_colors_blue
0x0518	0x26B1      	CALL       _set_colors
0x0519	0x0020      	MOVLB      0
0x051A	0x0AA0      	INCF       main_i_L1, 1
0x051B	0x2D11      	GOTO       L_main201
L_main202:
;PICPixel.c,181 :: 		for(i = 0; i <= 1; i++) set_colors(244,139,60);
0x051C	0x01A0      	CLRF       main_i_L1
L_main204:
0x051D	0x0820      	MOVF       main_i_L1, 0
0x051E	0x3C01      	SUBLW      1
0x051F	0x1C03      	BTFSS      STATUS, 0
0x0520	0x2D2B      	GOTO       L_main205
0x0521	0x30F4      	MOVLW      244
0x0522	0x00A1      	MOVWF      FARG_set_colors_red
0x0523	0x308B      	MOVLW      139
0x0524	0x00A2      	MOVWF      FARG_set_colors_green
0x0525	0x303C      	MOVLW      60
0x0526	0x00A3      	MOVWF      FARG_set_colors_blue
0x0527	0x26B1      	CALL       _set_colors
0x0528	0x0020      	MOVLB      0
0x0529	0x0AA0      	INCF       main_i_L1, 1
0x052A	0x2D1D      	GOTO       L_main204
L_main205:
;PICPixel.c,182 :: 		set_colors(204,92,36);
0x052B	0x30CC      	MOVLW      204
0x052C	0x00A1      	MOVWF      FARG_set_colors_red
0x052D	0x305C      	MOVLW      92
0x052E	0x00A2      	MOVWF      FARG_set_colors_green
0x052F	0x3024      	MOVLW      36
0x0530	0x00A3      	MOVWF      FARG_set_colors_blue
0x0531	0x26B1      	CALL       _set_colors
;PICPixel.c,183 :: 		for(i = 0; i <= 3; i++) set_colors(244,139,60);
0x0532	0x0020      	MOVLB      0
0x0533	0x01A0      	CLRF       main_i_L1
L_main207:
0x0534	0x0820      	MOVF       main_i_L1, 0
0x0535	0x3C03      	SUBLW      3
0x0536	0x1C03      	BTFSS      STATUS, 0
0x0537	0x2D42      	GOTO       L_main208
0x0538	0x30F4      	MOVLW      244
0x0539	0x00A1      	MOVWF      FARG_set_colors_red
0x053A	0x308B      	MOVLW      139
0x053B	0x00A2      	MOVWF      FARG_set_colors_green
0x053C	0x303C      	MOVLW      60
0x053D	0x00A3      	MOVWF      FARG_set_colors_blue
0x053E	0x26B1      	CALL       _set_colors
0x053F	0x0020      	MOVLB      0
0x0540	0x0AA0      	INCF       main_i_L1, 1
0x0541	0x2D34      	GOTO       L_main207
L_main208:
;PICPixel.c,184 :: 		set_colors(204,92,36);
0x0542	0x30CC      	MOVLW      204
0x0543	0x00A1      	MOVWF      FARG_set_colors_red
0x0544	0x305C      	MOVLW      92
0x0545	0x00A2      	MOVWF      FARG_set_colors_green
0x0546	0x3024      	MOVLW      36
0x0547	0x00A3      	MOVWF      FARG_set_colors_blue
0x0548	0x26B1      	CALL       _set_colors
;PICPixel.c,185 :: 		for(i = 0; i <= 1; i++) set_colors(244,139,60);
0x0549	0x0020      	MOVLB      0
0x054A	0x01A0      	CLRF       main_i_L1
L_main210:
0x054B	0x0820      	MOVF       main_i_L1, 0
0x054C	0x3C01      	SUBLW      1
0x054D	0x1C03      	BTFSS      STATUS, 0
0x054E	0x2D59      	GOTO       L_main211
0x054F	0x30F4      	MOVLW      244
0x0550	0x00A1      	MOVWF      FARG_set_colors_red
0x0551	0x308B      	MOVLW      139
0x0552	0x00A2      	MOVWF      FARG_set_colors_green
0x0553	0x303C      	MOVLW      60
0x0554	0x00A3      	MOVWF      FARG_set_colors_blue
0x0555	0x26B1      	CALL       _set_colors
0x0556	0x0020      	MOVLB      0
0x0557	0x0AA0      	INCF       main_i_L1, 1
0x0558	0x2D4B      	GOTO       L_main210
L_main211:
;PICPixel.c,186 :: 		set_colors(0,0,0);
0x0559	0x01A1      	CLRF       FARG_set_colors_red
0x055A	0x01A2      	CLRF       FARG_set_colors_green
0x055B	0x01A3      	CLRF       FARG_set_colors_blue
0x055C	0x26B1      	CALL       _set_colors
;PICPixel.c,187 :: 		for(i = 0; i <= 7; i++) set_colors(244,139,60);
0x055D	0x0020      	MOVLB      0
0x055E	0x01A0      	CLRF       main_i_L1
L_main213:
0x055F	0x0820      	MOVF       main_i_L1, 0
0x0560	0x3C07      	SUBLW      7
0x0561	0x1C03      	BTFSS      STATUS, 0
0x0562	0x2D6D      	GOTO       L_main214
0x0563	0x30F4      	MOVLW      244
0x0564	0x00A1      	MOVWF      FARG_set_colors_red
0x0565	0x308B      	MOVLW      139
0x0566	0x00A2      	MOVWF      FARG_set_colors_green
0x0567	0x303C      	MOVLW      60
0x0568	0x00A3      	MOVWF      FARG_set_colors_blue
0x0569	0x26B1      	CALL       _set_colors
0x056A	0x0020      	MOVLB      0
0x056B	0x0AA0      	INCF       main_i_L1, 1
0x056C	0x2D5F      	GOTO       L_main213
L_main214:
;PICPixel.c,188 :: 		for(i = 0; i <= 1; i++) set_colors(0,0,0);
0x056D	0x01A0      	CLRF       main_i_L1
L_main216:
0x056E	0x0820      	MOVF       main_i_L1, 0
0x056F	0x3C01      	SUBLW      1
0x0570	0x1C03      	BTFSS      STATUS, 0
0x0571	0x2D79      	GOTO       L_main217
0x0572	0x01A1      	CLRF       FARG_set_colors_red
0x0573	0x01A2      	CLRF       FARG_set_colors_green
0x0574	0x01A3      	CLRF       FARG_set_colors_blue
0x0575	0x26B1      	CALL       _set_colors
0x0576	0x0020      	MOVLB      0
0x0577	0x0AA0      	INCF       main_i_L1, 1
0x0578	0x2D6E      	GOTO       L_main216
L_main217:
;PICPixel.c,189 :: 		set_colors(204,92,36);
0x0579	0x30CC      	MOVLW      204
0x057A	0x00A1      	MOVWF      FARG_set_colors_red
0x057B	0x305C      	MOVLW      92
0x057C	0x00A2      	MOVWF      FARG_set_colors_green
0x057D	0x3024      	MOVLW      36
0x057E	0x00A3      	MOVWF      FARG_set_colors_blue
0x057F	0x26B1      	CALL       _set_colors
;PICPixel.c,190 :: 		set_colors(244,139,60);
0x0580	0x30F4      	MOVLW      244
0x0581	0x0020      	MOVLB      0
0x0582	0x00A1      	MOVWF      FARG_set_colors_red
0x0583	0x308B      	MOVLW      139
0x0584	0x00A2      	MOVWF      FARG_set_colors_green
0x0585	0x303C      	MOVLW      60
0x0586	0x00A3      	MOVWF      FARG_set_colors_blue
0x0587	0x26B1      	CALL       _set_colors
;PICPixel.c,191 :: 		for(i = 0; i <= 5; i++) set_colors(0,0,0);
0x0588	0x0020      	MOVLB      0
0x0589	0x01A0      	CLRF       main_i_L1
L_main219:
0x058A	0x0820      	MOVF       main_i_L1, 0
0x058B	0x3C05      	SUBLW      5
0x058C	0x1C03      	BTFSS      STATUS, 0
0x058D	0x2D95      	GOTO       L_main220
0x058E	0x01A1      	CLRF       FARG_set_colors_red
0x058F	0x01A2      	CLRF       FARG_set_colors_green
0x0590	0x01A3      	CLRF       FARG_set_colors_blue
0x0591	0x26B1      	CALL       _set_colors
0x0592	0x0020      	MOVLB      0
0x0593	0x0AA0      	INCF       main_i_L1, 1
0x0594	0x2D8A      	GOTO       L_main219
L_main220:
;PICPixel.c,192 :: 		for(i = 0; i <= 1; i++) set_colors(244,139,60);
0x0595	0x01A0      	CLRF       main_i_L1
L_main222:
0x0596	0x0820      	MOVF       main_i_L1, 0
0x0597	0x3C01      	SUBLW      1
0x0598	0x1C03      	BTFSS      STATUS, 0
0x0599	0x2DA4      	GOTO       L_main223
0x059A	0x30F4      	MOVLW      244
0x059B	0x00A1      	MOVWF      FARG_set_colors_red
0x059C	0x308B      	MOVLW      139
0x059D	0x00A2      	MOVWF      FARG_set_colors_green
0x059E	0x303C      	MOVLW      60
0x059F	0x00A3      	MOVWF      FARG_set_colors_blue
0x05A0	0x26B1      	CALL       _set_colors
0x05A1	0x0020      	MOVLB      0
0x05A2	0x0AA0      	INCF       main_i_L1, 1
0x05A3	0x2D96      	GOTO       L_main222
L_main223:
;PICPixel.c,193 :: 		set_colors(204,92,36);
0x05A4	0x30CC      	MOVLW      204
0x05A5	0x00A1      	MOVWF      FARG_set_colors_red
0x05A6	0x305C      	MOVLW      92
0x05A7	0x00A2      	MOVWF      FARG_set_colors_green
0x05A8	0x3024      	MOVLW      36
0x05A9	0x00A3      	MOVWF      FARG_set_colors_blue
0x05AA	0x26B1      	CALL       _set_colors
;PICPixel.c,194 :: 		set_colors(244,139,60);
0x05AB	0x30F4      	MOVLW      244
0x05AC	0x0020      	MOVLB      0
0x05AD	0x00A1      	MOVWF      FARG_set_colors_red
0x05AE	0x308B      	MOVLW      139
0x05AF	0x00A2      	MOVWF      FARG_set_colors_green
0x05B0	0x303C      	MOVLW      60
0x05B1	0x00A3      	MOVWF      FARG_set_colors_blue
0x05B2	0x26B1      	CALL       _set_colors
;PICPixel.c,195 :: 		set_colors(204,92,36);
0x05B3	0x30CC      	MOVLW      204
0x05B4	0x0020      	MOVLB      0
0x05B5	0x00A1      	MOVWF      FARG_set_colors_red
0x05B6	0x305C      	MOVLW      92
0x05B7	0x00A2      	MOVWF      FARG_set_colors_green
0x05B8	0x3024      	MOVLW      36
0x05B9	0x00A3      	MOVWF      FARG_set_colors_blue
0x05BA	0x26B1      	CALL       _set_colors
;PICPixel.c,196 :: 		for(i = 0; i <= 5; i++) set_colors(244,139,60);
0x05BB	0x0020      	MOVLB      0
0x05BC	0x01A0      	CLRF       main_i_L1
L_main225:
0x05BD	0x0820      	MOVF       main_i_L1, 0
0x05BE	0x3C05      	SUBLW      5
0x05BF	0x1C03      	BTFSS      STATUS, 0
0x05C0	0x2DCB      	GOTO       L_main226
0x05C1	0x30F4      	MOVLW      244
0x05C2	0x00A1      	MOVWF      FARG_set_colors_red
0x05C3	0x308B      	MOVLW      139
0x05C4	0x00A2      	MOVWF      FARG_set_colors_green
0x05C5	0x303C      	MOVLW      60
0x05C6	0x00A3      	MOVWF      FARG_set_colors_blue
0x05C7	0x26B1      	CALL       _set_colors
0x05C8	0x0020      	MOVLB      0
0x05C9	0x0AA0      	INCF       main_i_L1, 1
0x05CA	0x2DBD      	GOTO       L_main225
L_main226:
;PICPixel.c,197 :: 		set_colors(204,92,36);
0x05CB	0x30CC      	MOVLW      204
0x05CC	0x00A1      	MOVWF      FARG_set_colors_red
0x05CD	0x305C      	MOVLW      92
0x05CE	0x00A2      	MOVWF      FARG_set_colors_green
0x05CF	0x3024      	MOVLW      36
0x05D0	0x00A3      	MOVWF      FARG_set_colors_blue
0x05D1	0x26B1      	CALL       _set_colors
;PICPixel.c,198 :: 		for(i = 0; i <= 2; i++) set_colors(244,139,60);
0x05D2	0x0020      	MOVLB      0
0x05D3	0x01A0      	CLRF       main_i_L1
L_main228:
0x05D4	0x0820      	MOVF       main_i_L1, 0
0x05D5	0x3C02      	SUBLW      2
0x05D6	0x1C03      	BTFSS      STATUS, 0
0x05D7	0x2DE2      	GOTO       L_main229
0x05D8	0x30F4      	MOVLW      244
0x05D9	0x00A1      	MOVWF      FARG_set_colors_red
0x05DA	0x308B      	MOVLW      139
0x05DB	0x00A2      	MOVWF      FARG_set_colors_green
0x05DC	0x303C      	MOVLW      60
0x05DD	0x00A3      	MOVWF      FARG_set_colors_blue
0x05DE	0x26B1      	CALL       _set_colors
0x05DF	0x0020      	MOVLB      0
0x05E0	0x0AA0      	INCF       main_i_L1, 1
0x05E1	0x2DD4      	GOTO       L_main228
L_main229:
;PICPixel.c,199 :: 		set_colors(204,92,36);
0x05E2	0x30CC      	MOVLW      204
0x05E3	0x00A1      	MOVWF      FARG_set_colors_red
0x05E4	0x305C      	MOVLW      92
0x05E5	0x00A2      	MOVWF      FARG_set_colors_green
0x05E6	0x3024      	MOVLW      36
0x05E7	0x00A3      	MOVWF      FARG_set_colors_blue
0x05E8	0x26B1      	CALL       _set_colors
;PICPixel.c,200 :: 		for(i = 0; i <= 3; i++) set_colors(207,179,66);
0x05E9	0x0020      	MOVLB      0
0x05EA	0x01A0      	CLRF       main_i_L1
L_main231:
0x05EB	0x0820      	MOVF       main_i_L1, 0
0x05EC	0x3C03      	SUBLW      3
0x05ED	0x1C03      	BTFSS      STATUS, 0
0x05EE	0x2DF9      	GOTO       L_main232
0x05EF	0x30CF      	MOVLW      207
0x05F0	0x00A1      	MOVWF      FARG_set_colors_red
0x05F1	0x30B3      	MOVLW      179
0x05F2	0x00A2      	MOVWF      FARG_set_colors_green
0x05F3	0x3042      	MOVLW      66
0x05F4	0x00A3      	MOVWF      FARG_set_colors_blue
0x05F5	0x26B1      	CALL       _set_colors
0x05F6	0x0020      	MOVLB      0
0x05F7	0x0AA0      	INCF       main_i_L1, 1
0x05F8	0x2DEB      	GOTO       L_main231
L_main232:
;PICPixel.c,201 :: 		set_colors(204,92,36);
0x05F9	0x30CC      	MOVLW      204
0x05FA	0x00A1      	MOVWF      FARG_set_colors_red
0x05FB	0x305C      	MOVLW      92
0x05FC	0x00A2      	MOVWF      FARG_set_colors_green
0x05FD	0x3024      	MOVLW      36
0x05FE	0x00A3      	MOVWF      FARG_set_colors_blue
0x05FF	0x26B1      	CALL       _set_colors
;PICPixel.c,202 :: 		for(i = 0; i <= 1; i++) set_colors(244,139,60);
0x0600	0x0020      	MOVLB      0
0x0601	0x01A0      	CLRF       main_i_L1
L_main234:
0x0602	0x0820      	MOVF       main_i_L1, 0
0x0603	0x3C01      	SUBLW      1
0x0604	0x1C03      	BTFSS      STATUS, 0
0x0605	0x2E10      	GOTO       L_main235
0x0606	0x30F4      	MOVLW      244
0x0607	0x00A1      	MOVWF      FARG_set_colors_red
0x0608	0x308B      	MOVLW      139
0x0609	0x00A2      	MOVWF      FARG_set_colors_green
0x060A	0x303C      	MOVLW      60
0x060B	0x00A3      	MOVWF      FARG_set_colors_blue
0x060C	0x26B1      	CALL       _set_colors
0x060D	0x0020      	MOVLB      0
0x060E	0x0AA0      	INCF       main_i_L1, 1
0x060F	0x2E02      	GOTO       L_main234
L_main235:
;PICPixel.c,203 :: 		set_colors(204,92,36);
0x0610	0x30CC      	MOVLW      204
0x0611	0x00A1      	MOVWF      FARG_set_colors_red
0x0612	0x305C      	MOVLW      92
0x0613	0x00A2      	MOVWF      FARG_set_colors_green
0x0614	0x3024      	MOVLW      36
0x0615	0x00A3      	MOVWF      FARG_set_colors_blue
0x0616	0x26B1      	CALL       _set_colors
;PICPixel.c,204 :: 		set_colors(244,139,60);
0x0617	0x30F4      	MOVLW      244
0x0618	0x0020      	MOVLB      0
0x0619	0x00A1      	MOVWF      FARG_set_colors_red
0x061A	0x308B      	MOVLW      139
0x061B	0x00A2      	MOVWF      FARG_set_colors_green
0x061C	0x303C      	MOVLW      60
0x061D	0x00A3      	MOVWF      FARG_set_colors_blue
0x061E	0x26B1      	CALL       _set_colors
;PICPixel.c,205 :: 		for(i = 0; i <= 9; i++) set_colors(0,0,0);
0x061F	0x0020      	MOVLB      0
0x0620	0x01A0      	CLRF       main_i_L1
L_main237:
0x0621	0x0820      	MOVF       main_i_L1, 0
0x0622	0x3C09      	SUBLW      9
0x0623	0x1C03      	BTFSS      STATUS, 0
0x0624	0x2E2C      	GOTO       L_main238
0x0625	0x01A1      	CLRF       FARG_set_colors_red
0x0626	0x01A2      	CLRF       FARG_set_colors_green
0x0627	0x01A3      	CLRF       FARG_set_colors_blue
0x0628	0x26B1      	CALL       _set_colors
0x0629	0x0020      	MOVLB      0
0x062A	0x0AA0      	INCF       main_i_L1, 1
0x062B	0x2E21      	GOTO       L_main237
L_main238:
;PICPixel.c,206 :: 		for(i = 0; i <= 2; i++) set_colors(204,92,36);
0x062C	0x01A0      	CLRF       main_i_L1
L_main240:
0x062D	0x0820      	MOVF       main_i_L1, 0
0x062E	0x3C02      	SUBLW      2
0x062F	0x1C03      	BTFSS      STATUS, 0
0x0630	0x2E3B      	GOTO       L_main241
0x0631	0x30CC      	MOVLW      204
0x0632	0x00A1      	MOVWF      FARG_set_colors_red
0x0633	0x305C      	MOVLW      92
0x0634	0x00A2      	MOVWF      FARG_set_colors_green
0x0635	0x3024      	MOVLW      36
0x0636	0x00A3      	MOVWF      FARG_set_colors_blue
0x0637	0x26B1      	CALL       _set_colors
0x0638	0x0020      	MOVLB      0
0x0639	0x0AA0      	INCF       main_i_L1, 1
0x063A	0x2E2D      	GOTO       L_main240
L_main241:
;PICPixel.c,207 :: 		for(i = 0; i <= 3; i++) set_colors(255,216,104);
0x063B	0x01A0      	CLRF       main_i_L1
L_main243:
0x063C	0x0820      	MOVF       main_i_L1, 0
0x063D	0x3C03      	SUBLW      3
0x063E	0x1C03      	BTFSS      STATUS, 0
0x063F	0x2E4A      	GOTO       L_main244
0x0640	0x30FF      	MOVLW      255
0x0641	0x00A1      	MOVWF      FARG_set_colors_red
0x0642	0x30D8      	MOVLW      216
0x0643	0x00A2      	MOVWF      FARG_set_colors_green
0x0644	0x3068      	MOVLW      104
0x0645	0x00A3      	MOVWF      FARG_set_colors_blue
0x0646	0x26B1      	CALL       _set_colors
0x0647	0x0020      	MOVLB      0
0x0648	0x0AA0      	INCF       main_i_L1, 1
0x0649	0x2E3C      	GOTO       L_main243
L_main244:
;PICPixel.c,208 :: 		for(i = 0; i <= 1; i++) set_colors(204,92,36);
0x064A	0x01A0      	CLRF       main_i_L1
L_main246:
0x064B	0x0820      	MOVF       main_i_L1, 0
0x064C	0x3C01      	SUBLW      1
0x064D	0x1C03      	BTFSS      STATUS, 0
0x064E	0x2E59      	GOTO       L_main247
0x064F	0x30CC      	MOVLW      204
0x0650	0x00A1      	MOVWF      FARG_set_colors_red
0x0651	0x305C      	MOVLW      92
0x0652	0x00A2      	MOVWF      FARG_set_colors_green
0x0653	0x3024      	MOVLW      36
0x0654	0x00A3      	MOVWF      FARG_set_colors_blue
0x0655	0x26B1      	CALL       _set_colors
0x0656	0x0020      	MOVLB      0
0x0657	0x0AA0      	INCF       main_i_L1, 1
0x0658	0x2E4B      	GOTO       L_main246
L_main247:
;PICPixel.c,209 :: 		for(i = 0; i <= 2; i++) set_colors(0,0,0);
0x0659	0x01A0      	CLRF       main_i_L1
L_main249:
0x065A	0x0820      	MOVF       main_i_L1, 0
0x065B	0x3C02      	SUBLW      2
0x065C	0x1C03      	BTFSS      STATUS, 0
0x065D	0x2E65      	GOTO       L_main250
0x065E	0x01A1      	CLRF       FARG_set_colors_red
0x065F	0x01A2      	CLRF       FARG_set_colors_green
0x0660	0x01A3      	CLRF       FARG_set_colors_blue
0x0661	0x26B1      	CALL       _set_colors
0x0662	0x0020      	MOVLB      0
0x0663	0x0AA0      	INCF       main_i_L1, 1
0x0664	0x2E5A      	GOTO       L_main249
L_main250:
;PICPixel.c,210 :: 		for(i = 0; i <= 1; i++) set_colors(204,92,36);
0x0665	0x01A0      	CLRF       main_i_L1
L_main252:
0x0666	0x0820      	MOVF       main_i_L1, 0
0x0667	0x3C01      	SUBLW      1
0x0668	0x1C03      	BTFSS      STATUS, 0
0x0669	0x2E74      	GOTO       L_main253
0x066A	0x30CC      	MOVLW      204
0x066B	0x00A1      	MOVWF      FARG_set_colors_red
0x066C	0x305C      	MOVLW      92
0x066D	0x00A2      	MOVWF      FARG_set_colors_green
0x066E	0x3024      	MOVLW      36
0x066F	0x00A3      	MOVWF      FARG_set_colors_blue
0x0670	0x26B1      	CALL       _set_colors
0x0671	0x0020      	MOVLB      0
0x0672	0x0AA0      	INCF       main_i_L1, 1
0x0673	0x2E66      	GOTO       L_main252
L_main253:
;PICPixel.c,211 :: 		for(i = 0; i <= 2; i++) set_colors(0,0,0);
0x0674	0x01A0      	CLRF       main_i_L1
L_main255:
0x0675	0x0820      	MOVF       main_i_L1, 0
0x0676	0x3C02      	SUBLW      2
0x0677	0x1C03      	BTFSS      STATUS, 0
0x0678	0x2E80      	GOTO       L_main256
0x0679	0x01A1      	CLRF       FARG_set_colors_red
0x067A	0x01A2      	CLRF       FARG_set_colors_green
0x067B	0x01A3      	CLRF       FARG_set_colors_blue
0x067C	0x26B1      	CALL       _set_colors
0x067D	0x0020      	MOVLB      0
0x067E	0x0AA0      	INCF       main_i_L1, 1
0x067F	0x2E75      	GOTO       L_main255
L_main256:
;PICPixel.c,212 :: 		for(i = 0; i <= 1; i++) set_colors(204,92,36);
0x0680	0x01A0      	CLRF       main_i_L1
L_main258:
0x0681	0x0820      	MOVF       main_i_L1, 0
0x0682	0x3C01      	SUBLW      1
0x0683	0x1C03      	BTFSS      STATUS, 0
0x0684	0x2E8F      	GOTO       L_main259
0x0685	0x30CC      	MOVLW      204
0x0686	0x00A1      	MOVWF      FARG_set_colors_red
0x0687	0x305C      	MOVLW      92
0x0688	0x00A2      	MOVWF      FARG_set_colors_green
0x0689	0x3024      	MOVLW      36
0x068A	0x00A3      	MOVWF      FARG_set_colors_blue
0x068B	0x26B1      	CALL       _set_colors
0x068C	0x0020      	MOVLB      0
0x068D	0x0AA0      	INCF       main_i_L1, 1
0x068E	0x2E81      	GOTO       L_main258
L_main259:
;PICPixel.c,213 :: 		for(i = 0; i <= 22; i++) set_colors(0,0,0);
0x068F	0x01A0      	CLRF       main_i_L1
L_main261:
0x0690	0x0820      	MOVF       main_i_L1, 0
0x0691	0x3C16      	SUBLW      22
0x0692	0x1C03      	BTFSS      STATUS, 0
0x0693	0x2E9B      	GOTO       L_main262
0x0694	0x01A1      	CLRF       FARG_set_colors_red
0x0695	0x01A2      	CLRF       FARG_set_colors_green
0x0696	0x01A3      	CLRF       FARG_set_colors_blue
0x0697	0x26B1      	CALL       _set_colors
0x0698	0x0020      	MOVLB      0
0x0699	0x0AA0      	INCF       main_i_L1, 1
0x069A	0x2E90      	GOTO       L_main261
L_main262:
;PICPixel.c,215 :: 		LATA.F0 = 0b0;
0x069B	0x0022      	MOVLB      2
0x069C	0x100C      	BCF        LATA, 0
;PICPixel.c,216 :: 		delay_us(50);
0x069D	0x3085      	MOVLW      133
0x069E	0x00FD      	MOVWF      R13
L_main264:
0x069F	0x0BFD      	DECFSZ     R13, 1
0x06A0	0x2E9F      	GOTO       L_main264
;PICPixel.c,217 :: 		delay_ms(250);
0x06A1	0x300B      	MOVLW      11
0x06A2	0x00FB      	MOVWF      R11
0x06A3	0x3026      	MOVLW      38
0x06A4	0x00FC      	MOVWF      R12
0x06A5	0x305D      	MOVLW      93
0x06A6	0x00FD      	MOVWF      R13
L_main265:
0x06A7	0x0BFD      	DECFSZ     R13, 1
0x06A8	0x2EA7      	GOTO       L_main265
0x06A9	0x0BFC      	DECFSZ     R12, 1
0x06AA	0x2EA7      	GOTO       L_main265
0x06AB	0x0BFB      	DECFSZ     R11, 1
0x06AC	0x2EA7      	GOTO       L_main265
0x06AD	0x0000      	NOP
0x06AE	0x0000      	NOP
;PICPixel.c,218 :: 		}
0x06AF	0x2809      	GOTO       L_main2
;PICPixel.c,219 :: 		}
L_end_main:
0x06B0	0x2EB0      	GOTO       $+0
; end of _main
_set_colors:
;PICPixel.c,24 :: 		void set_colors(unsigned short int red,unsigned short int green,unsigned short int blue){
;PICPixel.c,26 :: 		send_bit(green.F7);
0x06B1	0x3000      	MOVLW      0
0x06B2	0x0020      	MOVLB      0
0x06B3	0x1BA2      	BTFSC      FARG_set_colors_green, 7
0x06B4	0x3001      	MOVLW      1
0x06B5	0x00A4      	MOVWF      FARG_send_bit_bit_info
0x06B6	0x2742      	CALL       _send_bit
;PICPixel.c,27 :: 		send_bit(green.F6);
0x06B7	0x3000      	MOVLW      0
0x06B8	0x0020      	MOVLB      0
0x06B9	0x1B22      	BTFSC      FARG_set_colors_green, 6
0x06BA	0x3001      	MOVLW      1
0x06BB	0x00A4      	MOVWF      FARG_send_bit_bit_info
0x06BC	0x2742      	CALL       _send_bit
;PICPixel.c,28 :: 		send_bit(green.F5);
0x06BD	0x3000      	MOVLW      0
0x06BE	0x0020      	MOVLB      0
0x06BF	0x1AA2      	BTFSC      FARG_set_colors_green, 5
0x06C0	0x3001      	MOVLW      1
0x06C1	0x00A4      	MOVWF      FARG_send_bit_bit_info
0x06C2	0x2742      	CALL       _send_bit
;PICPixel.c,29 :: 		send_bit(green.F4);
0x06C3	0x3000      	MOVLW      0
0x06C4	0x0020      	MOVLB      0
0x06C5	0x1A22      	BTFSC      FARG_set_colors_green, 4
0x06C6	0x3001      	MOVLW      1
0x06C7	0x00A4      	MOVWF      FARG_send_bit_bit_info
0x06C8	0x2742      	CALL       _send_bit
;PICPixel.c,30 :: 		send_bit(green.F3);
0x06C9	0x3000      	MOVLW      0
0x06CA	0x0020      	MOVLB      0
0x06CB	0x19A2      	BTFSC      FARG_set_colors_green, 3
0x06CC	0x3001      	MOVLW      1
0x06CD	0x00A4      	MOVWF      FARG_send_bit_bit_info
0x06CE	0x2742      	CALL       _send_bit
;PICPixel.c,31 :: 		send_bit(green.F2);
0x06CF	0x3000      	MOVLW      0
0x06D0	0x0020      	MOVLB      0
0x06D1	0x1922      	BTFSC      FARG_set_colors_green, 2
0x06D2	0x3001      	MOVLW      1
0x06D3	0x00A4      	MOVWF      FARG_send_bit_bit_info
0x06D4	0x2742      	CALL       _send_bit
;PICPixel.c,32 :: 		send_bit(green.F1);
0x06D5	0x3000      	MOVLW      0
0x06D6	0x0020      	MOVLB      0
0x06D7	0x18A2      	BTFSC      FARG_set_colors_green, 1
0x06D8	0x3001      	MOVLW      1
0x06D9	0x00A4      	MOVWF      FARG_send_bit_bit_info
0x06DA	0x2742      	CALL       _send_bit
;PICPixel.c,33 :: 		send_bit(green.F0);
0x06DB	0x3000      	MOVLW      0
0x06DC	0x0020      	MOVLB      0
0x06DD	0x1822      	BTFSC      FARG_set_colors_green, 0
0x06DE	0x3001      	MOVLW      1
0x06DF	0x00A4      	MOVWF      FARG_send_bit_bit_info
0x06E0	0x2742      	CALL       _send_bit
;PICPixel.c,35 :: 		send_bit(red.F7);
0x06E1	0x3000      	MOVLW      0
0x06E2	0x0020      	MOVLB      0
0x06E3	0x1BA1      	BTFSC      FARG_set_colors_red, 7
0x06E4	0x3001      	MOVLW      1
0x06E5	0x00A4      	MOVWF      FARG_send_bit_bit_info
0x06E6	0x2742      	CALL       _send_bit
;PICPixel.c,36 :: 		send_bit(red.F6);
0x06E7	0x3000      	MOVLW      0
0x06E8	0x0020      	MOVLB      0
0x06E9	0x1B21      	BTFSC      FARG_set_colors_red, 6
0x06EA	0x3001      	MOVLW      1
0x06EB	0x00A4      	MOVWF      FARG_send_bit_bit_info
0x06EC	0x2742      	CALL       _send_bit
;PICPixel.c,37 :: 		send_bit(red.F5);
0x06ED	0x3000      	MOVLW      0
0x06EE	0x0020      	MOVLB      0
0x06EF	0x1AA1      	BTFSC      FARG_set_colors_red, 5
0x06F0	0x3001      	MOVLW      1
0x06F1	0x00A4      	MOVWF      FARG_send_bit_bit_info
0x06F2	0x2742      	CALL       _send_bit
;PICPixel.c,38 :: 		send_bit(red.F4);
0x06F3	0x3000      	MOVLW      0
0x06F4	0x0020      	MOVLB      0
0x06F5	0x1A21      	BTFSC      FARG_set_colors_red, 4
0x06F6	0x3001      	MOVLW      1
0x06F7	0x00A4      	MOVWF      FARG_send_bit_bit_info
0x06F8	0x2742      	CALL       _send_bit
;PICPixel.c,39 :: 		send_bit(red.F3);
0x06F9	0x3000      	MOVLW      0
0x06FA	0x0020      	MOVLB      0
0x06FB	0x19A1      	BTFSC      FARG_set_colors_red, 3
0x06FC	0x3001      	MOVLW      1
0x06FD	0x00A4      	MOVWF      FARG_send_bit_bit_info
0x06FE	0x2742      	CALL       _send_bit
;PICPixel.c,40 :: 		send_bit(red.F2);
0x06FF	0x3000      	MOVLW      0
0x0700	0x0020      	MOVLB      0
0x0701	0x1921      	BTFSC      FARG_set_colors_red, 2
0x0702	0x3001      	MOVLW      1
0x0703	0x00A4      	MOVWF      FARG_send_bit_bit_info
0x0704	0x2742      	CALL       _send_bit
;PICPixel.c,41 :: 		send_bit(red.F1);
0x0705	0x3000      	MOVLW      0
0x0706	0x0020      	MOVLB      0
0x0707	0x18A1      	BTFSC      FARG_set_colors_red, 1
0x0708	0x3001      	MOVLW      1
0x0709	0x00A4      	MOVWF      FARG_send_bit_bit_info
0x070A	0x2742      	CALL       _send_bit
;PICPixel.c,42 :: 		send_bit(red.F0);
0x070B	0x3000      	MOVLW      0
0x070C	0x0020      	MOVLB      0
0x070D	0x1821      	BTFSC      FARG_set_colors_red, 0
0x070E	0x3001      	MOVLW      1
0x070F	0x00A4      	MOVWF      FARG_send_bit_bit_info
0x0710	0x2742      	CALL       _send_bit
;PICPixel.c,44 :: 		send_bit(blue.F7);
0x0711	0x3000      	MOVLW      0
0x0712	0x0020      	MOVLB      0
0x0713	0x1BA3      	BTFSC      FARG_set_colors_blue, 7
0x0714	0x3001      	MOVLW      1
0x0715	0x00A4      	MOVWF      FARG_send_bit_bit_info
0x0716	0x2742      	CALL       _send_bit
;PICPixel.c,45 :: 		send_bit(blue.F6);
0x0717	0x3000      	MOVLW      0
0x0718	0x0020      	MOVLB      0
0x0719	0x1B23      	BTFSC      FARG_set_colors_blue, 6
0x071A	0x3001      	MOVLW      1
0x071B	0x00A4      	MOVWF      FARG_send_bit_bit_info
0x071C	0x2742      	CALL       _send_bit
;PICPixel.c,46 :: 		send_bit(blue.F5);
0x071D	0x3000      	MOVLW      0
0x071E	0x0020      	MOVLB      0
0x071F	0x1AA3      	BTFSC      FARG_set_colors_blue, 5
0x0720	0x3001      	MOVLW      1
0x0721	0x00A4      	MOVWF      FARG_send_bit_bit_info
0x0722	0x2742      	CALL       _send_bit
;PICPixel.c,47 :: 		send_bit(blue.F4);
0x0723	0x3000      	MOVLW      0
0x0724	0x0020      	MOVLB      0
0x0725	0x1A23      	BTFSC      FARG_set_colors_blue, 4
0x0726	0x3001      	MOVLW      1
0x0727	0x00A4      	MOVWF      FARG_send_bit_bit_info
0x0728	0x2742      	CALL       _send_bit
;PICPixel.c,48 :: 		send_bit(blue.F3);
0x0729	0x3000      	MOVLW      0
0x072A	0x0020      	MOVLB      0
0x072B	0x19A3      	BTFSC      FARG_set_colors_blue, 3
0x072C	0x3001      	MOVLW      1
0x072D	0x00A4      	MOVWF      FARG_send_bit_bit_info
0x072E	0x2742      	CALL       _send_bit
;PICPixel.c,49 :: 		send_bit(blue.F2);
0x072F	0x3000      	MOVLW      0
0x0730	0x0020      	MOVLB      0
0x0731	0x1923      	BTFSC      FARG_set_colors_blue, 2
0x0732	0x3001      	MOVLW      1
0x0733	0x00A4      	MOVWF      FARG_send_bit_bit_info
0x0734	0x2742      	CALL       _send_bit
;PICPixel.c,50 :: 		send_bit(blue.F1);
0x0735	0x3000      	MOVLW      0
0x0736	0x0020      	MOVLB      0
0x0737	0x18A3      	BTFSC      FARG_set_colors_blue, 1
0x0738	0x3001      	MOVLW      1
0x0739	0x00A4      	MOVWF      FARG_send_bit_bit_info
0x073A	0x2742      	CALL       _send_bit
;PICPixel.c,51 :: 		send_bit(blue.F0);
0x073B	0x3000      	MOVLW      0
0x073C	0x0020      	MOVLB      0
0x073D	0x1823      	BTFSC      FARG_set_colors_blue, 0
0x073E	0x3001      	MOVLW      1
0x073F	0x00A4      	MOVWF      FARG_send_bit_bit_info
0x0740	0x2742      	CALL       _send_bit
;PICPixel.c,52 :: 		}
L_end_set_colors:
0x0741	0x0008      	RETURN
; end of _set_colors
_send_bit:
;PICPixel.c,6 :: 		void send_bit(unsigned short bit_info){
;PICPixel.c,7 :: 		if (bit_info == 0b1) {
0x0742	0x0020      	MOVLB      0
0x0743	0x0824      	MOVF       FARG_send_bit_bit_info, 0
0x0744	0x3A01      	XORLW      1
0x0745	0x1D03      	BTFSS      STATUS, 2
0x0746	0x2F51      	GOTO       L_send_bit0
;PICPixel.c,8 :: 		LATA.F0 = 0b1;
0x0747	0x0022      	MOVLB      2
0x0748	0x140C      	BSF        LATA, 0
;PICPixel.c,9 :: 		LATA.F0 = 0b1;
0x0749	0x140C      	BSF        LATA, 0
;PICPixel.c,10 :: 		LATA.F0 = 0b1;
0x074A	0x140C      	BSF        LATA, 0
;PICPixel.c,11 :: 		LATA.F0 = 0b1;
0x074B	0x140C      	BSF        LATA, 0
;PICPixel.c,12 :: 		LATA.F0 = 0b1;
0x074C	0x140C      	BSF        LATA, 0
;PICPixel.c,13 :: 		LATA.F0 = 0b1;
0x074D	0x140C      	BSF        LATA, 0
;PICPixel.c,14 :: 		LATA.F0 = 0b1;
0x074E	0x140C      	BSF        LATA, 0
;PICPixel.c,15 :: 		LATA.F0 = 0b0;
0x074F	0x100C      	BCF        LATA, 0
;PICPixel.c,16 :: 		} else {
0x0750	0x2F56      	GOTO       L_send_bit1
L_send_bit0:
0x0751	0x0022      	MOVLB      2
;PICPixel.c,17 :: 		LATA.F0 = 0b1;
0x0752	0x140C      	BSF        LATA, 0
;PICPixel.c,18 :: 		LATA.F0 = 0b1;
0x0753	0x140C      	BSF        LATA, 0
;PICPixel.c,19 :: 		LATA.F0 = 0b1;
0x0754	0x140C      	BSF        LATA, 0
;PICPixel.c,20 :: 		LATA.F0 = 0b0;
0x0755	0x100C      	BCF        LATA, 0
;PICPixel.c,21 :: 		}
L_send_bit1:
;PICPixel.c,22 :: 		}
L_end_send_bit:
0x0756	0x0008      	RETURN
; end of _send_bit
Symbol List:
//** Routines locations **
//ADDRESS    SIZE    PROCEDURE
//----------------------------------------------
0x0003    [1710]    _main
0x06B1     [145]    _set_colors
0x0742      [21]    _send_bit
//** Variables locations ** 
//ADDRESS    SIZE    VARIABLE
//----------------------------------------------
0x0000       [1]    INDF0
0x0001       [1]    INDF1
0x0003       [1]    STATUS
0x0004       [1]    FSR0L
0x0005       [1]    FSR0H
0x0006       [1]    FSR1L
0x0007       [1]    FSR1H
0x000A       [1]    PCLATH
0x0020       [1]    main_i_L1
0x0021       [1]    FARG_set_colors_red
0x0022       [1]    FARG_set_colors_green
0x0023       [1]    FARG_set_colors_blue
0x0024       [1]    FARG_send_bit_bit_info
0x0070       [1]    R0
0x0071       [1]    R1
0x0072       [1]    R2
0x0073       [1]    R3
0x0074       [1]    R4
0x0075       [1]    R5
0x0076       [1]    R6
0x0077       [1]    R7
0x0078       [1]    R8
0x0079       [1]    R9
0x007A       [1]    R10
0x007B       [1]    R11
0x007C       [1]    R12
0x007D       [1]    R13
0x007E       [1]    R14
0x007F       [1]    R15
0x008C       [1]    TRISA
0x0099       [1]    OSCCON
0x010C       [1]    LATA
0x018C       [1]    ANSELA
